Log file open, 05/29/17 23:01:28
LogInit:Display: Running engine for game: Udemy1
LogPlatformFile: Not using cached read wrapper
LogInit:Display: RandInit(-693122096) SRandInit(-693122096).
LogTaskGraph: Started task graph with 5 named threads and 8 total threads with 1 sets of task threads.
LogStats: Stats thread started at 0.104167
LogInit: Using libcurl 7.47.1
LogInit:  - built for x86_64-pc-win32
LogInit:  - supports SSL with OpenSSL/1.0.2g
LogInit:  - supports HTTP deflate (compression) using libz 1.2.8
LogInit:  - other features:
LogInit:      CURL_VERSION_SSL
LogInit:      CURL_VERSION_LIBZ
LogInit:      CURL_VERSION_IPV6
LogInit:      CURL_VERSION_ASYNCHDNS
LogInit:      CURL_VERSION_LARGEFILE
LogInit:      CURL_VERSION_IDN
LogInit:  CurlRequestOptions (configurable via config and command line):
LogInit:  - bVerifyPeer = false  - Libcurl will NOT verify peer certificate
LogInit:  - bUseHttpProxy = false  - Libcurl will NOT use HTTP proxy
LogInit:  - bDontReuseConnections = false  - Libcurl will reuse connections
LogInit:  - CertBundlePath = nullptr  - Libcurl will use whatever was configured at build time.
LogInit: Build: ++UE4+Release-4.15-CL-3450819
LogInit: Engine Version: 4.15.3-3450819+++UE4+Release-4.15
LogInit: Compatible Engine Version: 4.15.0-3299760+++UE4+Release-4.15
LogInit: Net CL: 3299760
LogDevObjectVersion: Number of dev versions registered: 14
LogDevObjectVersion:   Dev-Blueprints (B0D832E4-1F89-4F0D-ACCF-7EB736FD4AA2): 8
LogDevObjectVersion:   Dev-Build (E1C64328-A22C-4D53-A36C-8E866417BD8C): 0
LogDevObjectVersion:   Dev-Core (375EC13C-06E4-48FB-B500-84F0262A717E): 2
LogDevObjectVersion:   Dev-Editor (E4B068ED-F494-42E9-A231-DA0B2E46BB41): 14
LogDevObjectVersion:   Dev-Framework (CFFC743F-43B0-4480-9391-14DF171D2073): 22
LogDevObjectVersion:   Dev-Mobile (B02B49B5-BB20-44E9-A304-32B752E40360): 0
LogDevObjectVersion:   Dev-Networking (A4E4105C-59A1-49B5-A7C5-40C4547EDFEE): 0
LogDevObjectVersion:   Dev-Online (39C831C9-5AE6-47DC-9A44-9C173E1C8E7C): 0
LogDevObjectVersion:   Dev-Physics (78F01B33-EBEA-4F98-B9B4-84EACCB95AA2): 0
LogDevObjectVersion:   Dev-Platform (6631380F-2D4D-43E0-8009-CF276956A95A): 0
LogDevObjectVersion:   Dev-Rendering (12F88B9F-8875-4AFC-A67C-D90C383ABD29): 12
LogDevObjectVersion:   Dev-Sequencer (7B5AE74C-D270-4C10-A958-57980B212A5A): 3
LogDevObjectVersion:   Dev-VR (D7296918-1DD6-4BDD-9DE2-64A83CC13884): 0
LogDevObjectVersion:   Dev-LoadTimes (C2A15278-BFE7-4AFE-6C17-90FF531DF755): 1
LogInit: Compiled (64-bit): May 21 2017 11:02:34
LogInit: Compiled with Visual C++: 19.00.23026.00
LogInit: Build Configuration: Development
LogInit: Branch Name: ++UE4+Release-4.15
LogInit: Command line:  
LogInit: Base directory: C:/Program Files/Epic Games/UE_4.15/Engine/Binaries/Win64/
LogInit: Installed Engine Build: 1
LogInit: Presizing for max 8388607 objects, including 0 objects not considered by GC, pre-allocating 0 bytes for permanent pool.
LogInit: Object subsystem initialized
[2017.05.29-21.01.29:803][  0]LogInit: Selected Device Profile: [Windows]
[2017.05.29-21.01.29:803][  0]LogInit: Applying CVar settings loaded from the selected device profile: [Windows]
[2017.05.29-21.01.29:828][  0]LogInit: Computer: DESKTOP-K3I0D43
[2017.05.29-21.01.29:828][  0]LogInit: User: warp
[2017.05.29-21.01.29:828][  0]LogInit: CPU Page size=65536, Cores=4
[2017.05.29-21.01.29:828][  0]LogInit: High frequency timer resolution =3.233201 MHz
[2017.05.29-21.01.29:828][  0]LogMemory: Memory total: Physical=16.0GB (16GB approx)
[2017.05.29-21.01.29:828][  0]LogMemory: Platform Memory Stats for Windows
[2017.05.29-21.01.29:828][  0]LogMemory: Process Physical Memory: 262.03 MB used, 262.03 MB peak
[2017.05.29-21.01.29:828][  0]LogMemory: Process Virtual Memory: 262.04 MB used, 262.04 MB peak
[2017.05.29-21.01.29:828][  0]LogMemory: Physical Memory: 2568.18 MB used,  13790.89 MB free, 16359.07 MB total
[2017.05.29-21.01.29:828][  0]LogMemory: Virtual Memory: 643.96 MB used,  13790.89 MB free, 134217728.00 MB total
[2017.05.29-21.01.30:050][  0]LogTextLocalizationManager: No specific translations for ('en-US') exist, so ('en') translations will be used.
[2017.05.29-21.01.32:385][  0]LogD3D11RHI: D3D11 adapters:
[2017.05.29-21.01.32:887][  0]LogD3D11RHI:    0. 'NVIDIA GeForce GTX 970' (Feature Level 11_0)
[2017.05.29-21.01.32:887][  0]LogD3D11RHI:       4058/0/8179 MB DedicatedVideo/DedicatedSystem/SharedSystem, Outputs:1, VendorId:0x10de
[2017.05.29-21.01.32:888][  0]LogD3D11RHI:    1. 'Microsoft Basic Render Driver' (Feature Level 11_0)
[2017.05.29-21.01.32:888][  0]LogD3D11RHI:       0/0/8179 MB DedicatedVideo/DedicatedSystem/SharedSystem, Outputs:0, VendorId:0x1414
[2017.05.29-21.01.32:888][  0]LogD3D11RHI: Chosen D3D11 Adapter: 0
[2017.05.29-21.01.32:893][  0]LogD3D11RHI: Creating new Direct3DDevice
[2017.05.29-21.01.32:893][  0]LogD3D11RHI:     GPU DeviceId: 0x13c2 (for the marketing name, search the web for "GPU Device Id")
[2017.05.29-21.01.32:893][  0]LogWindows: EnumDisplayDevices:
[2017.05.29-21.01.32:893][  0]LogWindows:    0. 'NVIDIA GeForce GTX 970' (P:1 D:1)
[2017.05.29-21.01.32:894][  0]LogWindows:    1. 'NVIDIA GeForce GTX 970' (P:0 D:0)
[2017.05.29-21.01.32:894][  0]LogWindows:    2. 'NVIDIA GeForce GTX 970' (P:0 D:0)
[2017.05.29-21.01.32:894][  0]LogWindows:    3. 'NVIDIA GeForce GTX 970' (P:0 D:0)
[2017.05.29-21.01.32:894][  0]LogWindows: DebugString: FoundDriverCount:4 
[2017.05.29-21.01.32:894][  0]LogD3D11RHI:     Adapter Name: NVIDIA GeForce GTX 970
[2017.05.29-21.01.32:894][  0]LogD3D11RHI:   Driver Version: 376.53 (internal:21.21.13.7653, unified:376.53)
[2017.05.29-21.01.32:894][  0]LogD3D11RHI:      Driver Date: 12-29-2016
[2017.05.29-21.01.32:894][  0]LogRHI: Texture pool is 1361 MB (70% of 1945 MB)
[2017.05.29-21.01.33:381][  0]LogD3D11RHI: Async texture creation enabled
[2017.05.29-21.01.33:431][  0]LogD3D11RHI: GPU Timing Frequency: 1000.000000 (Debug: 2 1)
[2017.05.29-21.01.33:475][  0]LogShaderCompilers: Guid format shader working directory is 21 characters bigger than the processId version (E:/UE4 Projects/UE4Udemy/Intermediate/Shaders/WorkingDirectory/1868/).
[2017.05.29-21.01.33:475][  0]LogShaderCompilers: Cleaned the shader compiler working directory 'C:/Users/warp/AppData/Local/Temp/UnrealShaderWorkingDir/7B37713C44987B28E0DD309DF899756F/'.
[2017.05.29-21.01.33:475][  0]LogShaderCompilers:Display: Using Local Shader Compiler.
[2017.05.29-21.01.35:748][  0]LogTemp:Display: Loaded TP AllDesktopTargetPlatform
[2017.05.29-21.01.35:813][  0]LogTemp:Display: Loaded TP MacClientTargetPlatform
[2017.05.29-21.01.35:878][  0]LogTemp:Display: Loaded TP MacNoEditorTargetPlatform
[2017.05.29-21.01.35:943][  0]LogTemp:Display: Loaded TP MacServerTargetPlatform
[2017.05.29-21.01.36:012][  0]LogTemp:Display: Loaded TP MacTargetPlatform
[2017.05.29-21.01.36:077][  0]LogTemp:Display: Loaded TP WindowsClientTargetPlatform
[2017.05.29-21.01.36:143][  0]LogTemp:Display: Loaded TP WindowsNoEditorTargetPlatform
[2017.05.29-21.01.36:208][  0]LogTemp:Display: Loaded TP WindowsServerTargetPlatform
[2017.05.29-21.01.36:262][  0]LogTemp:Display: Loaded TP WindowsTargetPlatform
[2017.05.29-21.01.36:328][  0]LogTemp:Display: Loaded TP AndroidTargetPlatform
[2017.05.29-21.01.36:392][  0]LogTemp:Display: Loaded TP Android_ASTCTargetPlatform
[2017.05.29-21.01.36:455][  0]LogTemp:Display: Loaded TP Android_ATCTargetPlatform
[2017.05.29-21.01.36:518][  0]LogTemp:Display: Loaded TP Android_DXTTargetPlatform
[2017.05.29-21.01.36:583][  0]LogTemp:Display: Loaded TP Android_ETC1TargetPlatform
[2017.05.29-21.01.36:647][  0]LogTemp:Display: Loaded TP Android_ETC2TargetPlatform
[2017.05.29-21.01.36:775][  0]LogTemp:Display: Loaded TP Android_MultiTargetPlatform
[2017.05.29-21.01.36:775][  0]LogTemp:Display: Loaded TP Android_PVRTCTargetPlatform
[2017.05.29-21.01.36:821][  0]LogTemp:Display: Loaded TP HTML5TargetPlatform
[2017.05.29-21.01.36:957][  0]LogTemp:Display: Loaded TP IOSTargetPlatform
[2017.05.29-21.01.36:999][  0]LogTemp:Display: Loaded TP TVOSTargetPlatform
[2017.05.29-21.01.37:062][  0]LogTemp:Display: Loaded TP LinuxClientTargetPlatform
[2017.05.29-21.01.37:127][  0]LogTemp:Display: Loaded TP LinuxNoEditorTargetPlatform
[2017.05.29-21.01.37:190][  0]LogTemp:Display: Loaded TP LinuxServerTargetPlatform
[2017.05.29-21.01.37:257][  0]LogTemp:Display: Loaded TP LinuxTargetPlatform
[2017.05.29-21.01.37:257][  0]LogTargetPlatformManager:Display: Building Assets For Windows
[2017.05.29-21.01.38:016][  0]LogDerivedDataCache:Display: Max Cache Size: 512 MB
[2017.05.29-21.01.38:074][  0]LogDerivedDataCache: Loaded boot cache 0.06s 50MB C:/Users/warp/AppData/Local/UnrealEngine/4.15/DerivedDataCache/Boot.ddc.
[2017.05.29-21.01.38:074][  0]LogDerivedDataCache:Display: Loaded Boot cache: C:/Users/warp/AppData/Local/UnrealEngine/4.15/DerivedDataCache/Boot.ddc
[2017.05.29-21.01.38:074][  0]LogDerivedDataCache: FDerivedDataBackendGraph:  Pak pak cache file E:/UE4 Projects/UE4Udemy/DerivedDataCache/DDC.ddp not found, will not use a pak cache.
[2017.05.29-21.01.38:074][  0]LogDerivedDataCache: Unable to find inner node Pak for hierarchical cache Hierarchy.
[2017.05.29-21.01.38:074][  0]LogDerivedDataCache: FDerivedDataBackendGraph:  CompressedPak pak cache file E:/UE4 Projects/UE4Udemy/DerivedDataCache/Compressed.ddp not found, will not use a pak cache.
[2017.05.29-21.01.38:074][  0]LogDerivedDataCache: Unable to find inner node CompressedPak for hierarchical cache Hierarchy.
[2017.05.29-21.01.38:097][  0]LogDerivedDataCache:Display: Pak cache opened for reading ../../../Engine/DerivedDataCache/Compressed.ddp.
[2017.05.29-21.01.38:109][  0]LogDerivedDataCache: Using Local data cache path C:/Users/warp/AppData/Local/UnrealEngine/Common/DerivedDataCache: Writable
[2017.05.29-21.01.38:119][  0]LogSlate: Using Freetype 2.6.0
[2017.05.29-21.01.38:134][  0]LogSlate: SlateFontCache - WITH_FREETYPE: 1, WITH_HARFBUZZ: 1
[2017.05.29-21.01.38:134][  0]LogSlate: SlateFontCache - WITH_FREETYPE: 1, WITH_HARFBUZZ: 1
[2017.05.29-21.01.40:349][  0]LogInit: Selected Device Profile: [Windows]
[2017.05.29-21.01.40:352][  0]LogContentStreaming: Texture pool size is 0.00 MB
[2017.05.29-21.01.40:604][  0]LogMeshUtilities: Using QuadricMeshReduction for automatic static mesh reduction
[2017.05.29-21.01.40:656][  0]LogSimplygon: Simplygon DLL not present - disabling.
[2017.05.29-21.01.40:713][  0]LogMeshUtilities: Using SimplygonSwarm for distributed automatic mesh merging
[2017.05.29-21.01.40:713][  0]LogMeshUtilities: No automatic skeletal mesh reduction module available
[2017.05.29-21.01.40:713][  0]LogMeshUtilities: No automatic mesh merging module available
[2017.05.29-21.01.41:350][  0]LogNetVersion: GetLocalNetworkVersion: CL: 3299760, ProjectName: udemy1, ProjectVersion: , EngineNetworkVersion: 2, GameNetworkVersion: 0, NetworkChecksum: 1281410590
[2017.05.29-21.01.41:401][  0]LogAssetRegistry: FAssetRegistry took 0.0220 seconds to start up
[2017.05.29-21.01.41:491][  0]LogPackageLocalizationCache: Processed 3 localized package path(s) for 2 prioritized culture(s) in 0.064495 seconds
[2017.05.29-21.01.41:497][  0]LogUObjectArray: 32493 objects as part of root set at end of initial load.
[2017.05.29-21.01.41:497][  0]LogUObjectAllocator: 7077024 out of 0 bytes used by permanent object pool.
[2017.05.29-21.01.41:497][  0]LogUObjectArray: CloseDisregardForGC: 0/0 objects in disregard for GC pool
[2017.05.29-21.01.41:574][  0]LogInit: WinSock: version 1.1 (2.2), MaxSocks=32767, MaxUdp=65467
[2017.05.29-21.01.44:158][  0]LogTcpMessaging: Initializing TcpMessaging bridge
[2017.05.29-21.01.44:205][  0]LogUdpMessaging: Initializing bridge on interface 0.0.0.0:0 to multicast group 230.0.0.1:6666.
[2017.05.29-21.01.44:758][  0]LogMaterial: Uniform references updated for custom material expression Custom.
[2017.05.29-21.01.45:209][  0]SourceControl: Info Source control is disabled
[2017.05.29-21.01.45:258][  0]SourceControl: Info Source control is disabled
[2017.05.29-21.01.45:315][  0]SourceControl: Info Source control is disabled
[2017.05.29-21.01.45:371][  0]SourceControl: Info Source control is disabled
[2017.05.29-21.01.46:883][  0]LogEngine: Initializing Engine...
[2017.05.29-21.01.46:884][  0]LogHMD: Failed to initialize OpenVR with code 100
[2017.05.29-21.01.47:007][  0]LogStats: UGameplayTagsManager::ConstructGameplayTagTree: Construct from data asset -  0.000 s
[2017.05.29-21.01.47:007][  0]LogStats: UGameplayTagsManager::ConstructGameplayTagTree: GameplayTagTreeChangedEvent.Broadcast -  0.000 s
[2017.05.29-21.01.47:156][  0]LogAIModule: Creating AISystem for world Untitled
[2017.05.29-21.01.47:174][  0]LogInit: XAudio2 using 'Headset Earphone (HyperX 7.1 Audio)' : 2 channels at 44.1 kHz using 16 bits per sample (channel mask 0x3)
[2017.05.29-21.01.47:197][  0]LogInit: FAudioDevice initialized.
[2017.05.29-21.01.47:222][  0]LogDerivedDataCache: Saved boot cache 0.02s 50MB C:/Users/warp/AppData/Local/UnrealEngine/4.15/DerivedDataCache/Boot.ddc.
[2017.05.29-21.01.47:232][  0]LogInit: Texture streaming: Enabled
[2017.05.29-21.01.47:347][  0]LogEngineSessionManager: EngineSessionManager initialized
[2017.05.29-21.01.47:452][  0]LogInit: Transaction tracking system initialized
[2017.05.29-21.01.47:868][  0]BlueprintLog: New page: Editor Load
[2017.05.29-21.01.48:920][  0]LocalizationService: Info Localization service is disabled
[2017.05.29-21.01.49:736][  0]LogConsoleResponse:Display: 
[2017.05.29-21.01.49:889][  0]LogCook:Display: Max memory allowance for cook 16384mb min free memory 0mb
[2017.05.29-21.01.49:889][  0]LogCook:Display: Mobile HDR setting 1
[2017.05.29-21.01.50:059][  0]LogFileCache: Scanning file cache for directory 'E:/UE4 Projects/UE4Udemy/Content/' took 0.02s
[2017.05.29-21.01.51:143][  0]SourceControl: Info Source control is disabled
[2017.05.29-21.01.51:143][  0]Cmd: MAP LOAD FILE="E:/UE4 Projects/UE4Udemy/Content/StarterContent/Maps/Minimal_Default.umap" TEMPLATE=0 SHOWPROGRESS=1 FEATURELEVEL=3
[2017.05.29-21.01.51:172][  0]LightingResults: New page: Lighting Build
[2017.05.29-21.01.51:220][  0]MapCheck: New page: Map Check
[2017.05.29-21.01.51:220][  0]LightingResults: New page: Lighting Build
[2017.05.29-21.01.52:177][  0]LogAIModule: Creating AISystem for world Minimal_Default
[2017.05.29-21.01.52:208][  0]LogEditorServer: Finished looking for orphan Actors (0.000 secs)
[2017.05.29-21.01.52:209][  0]Cmd: MAP CHECKDEP NOCLEARLOG
[2017.05.29-21.01.52:259][  0]MapCheck: Info Map check complete: 0 Error(s), 0 Warning(s), took 50.122ms to complete.
[2017.05.29-21.01.52:259][  0]LogFileHelpers: Loading map 'Minimal_Default' took 1.116
[2017.05.29-21.01.52:465][  0]LogCollectionManager: Loaded 0 collections in 0.002064 seconds
[2017.05.29-21.01.52:554][  0]LogFileCache: Scanning file cache for directory 'E:/UE4 Projects/UE4Udemy/Saved/Collections/' took 0.01s
[2017.05.29-21.01.52:554][  0]LogFileCache: Scanning file cache for directory 'E:/UE4 Projects/UE4Udemy/Content/Developers/warp/Collections/' took 0.01s
[2017.05.29-21.01.52:554][  0]LogFileCache: Scanning file cache for directory 'E:/UE4 Projects/UE4Udemy/Content/Collections/' took 0.01s
[2017.05.29-21.01.52:554][  0]LogCollectionManager: Rebuilt the GUID cache for 0 collections in 0.000002 seconds
[2017.05.29-21.01.52:566][  0]LogContentBrowser: Native class hierarchy populated in 0.0116 seconds. Added 2245 classes and 453 folders.
[2017.05.29-21.01.52:648][  0]LogContentBrowser: Native class hierarchy updated for 'WidgetCarousel' in 0.0005 seconds. Added 0 classes and 0 folders.
[2017.05.29-21.01.52:948][  0]LogContentBrowser: Native class hierarchy updated for 'AddContentDialog' in 0.0006 seconds. Added 0 classes and 0 folders.
[2017.05.29-21.01.53:001][  0]LogContentBrowser: Native class hierarchy updated for 'SceneOutliner' in 0.0006 seconds. Added 1 classes and 2 folders.
[2017.05.29-21.01.53:124][  0]LogCrashTracker: Crashtracker disabled due to settings.
[2017.05.29-21.01.53:131][  0]LogUObjectGlobals:Warning: Failed to find object 'Class None.'
[2017.05.29-21.01.53:204][  0]LogContentBrowser: Native class hierarchy updated for 'HierarchicalLODOutliner' in 0.0006 seconds. Added 1 classes and 2 folders.
[2017.05.29-21.01.53:204][  0]LogLoad: (Engine Initialization) Total time: 27.57 seconds
[2017.05.29-21.01.53:204][  0]LogLoad: (Engine Initialization) Total Blueprint compile time: 0.12 seconds
[2017.05.29-21.01.53:204][  0]LogExternalProfiler: No external profilers were discovered.  External profiling features will not be available.
[2017.05.29-21.01.53:215][  0]LogOcInput: OculusInput pre-init called
[2017.05.29-21.01.53:236][  0]LogContentStreaming: Texture pool size now 1000 MB
[2017.05.29-21.01.53:238][  0]LogSlate: Took 0.000258 seconds to synchronously load lazily loaded font '../../../Engine/Content/Slate/Fonts/Roboto-Regular.ttf' (155K)
[2017.05.29-21.01.53:246][  0]LogSlate: Took 0.004220 seconds to synchronously load lazily loaded font '../../../Engine/Content/Slate/Fonts/Roboto-Bold.ttf' (160K)
[2017.05.29-21.01.53:255][  0]LogSlate: Took 0.004028 seconds to synchronously load lazily loaded font '../../../Engine/Content/Editor/Slate/Fonts/FontAwesome.ttf' (139K)
[2017.05.29-21.01.53:444][  0]LogRenderer: Reallocating scene render targets to support 1564x836 NumSamples 1 (Frame:2).
[2017.05.29-21.01.53:536][  1]LogAssetRegistry: Asset discovery search completed in 12.1579 seconds
[2017.05.29-21.01.53:536][  1]LogCollectionManager: Rebuilt the object cache for 0 collections in 0.000006 seconds (found 0 objects)
[2017.05.29-21.01.53:536][  1]LogCollectionManager: Fixed up redirectors for 0 collections in 0.000023 seconds (updated 0 objects)
[2017.05.29-21.08.40:894][340]LogSlate: Took 0.003274 seconds to synchronously load lazily loaded font '../../../Engine/Content/Slate/Fonts/Roboto-Light.ttf' (159K)
[2017.05.29-21.09.40:366][293]Cmd: MAP LOAD FILE="E:/UE4 Projects/UE4Udemy/Content/Maps/UdemyRoom_lighting2.umap" TEMPLATE=0 SHOWPROGRESS=1 FEATURELEVEL=3
[2017.05.29-21.09.40:371][293]LogSlate: Took 0.000178 seconds to synchronously load lazily loaded font '../../../Engine/Content/Slate/Fonts/Roboto-Light.ttf' (159K)
[2017.05.29-21.09.40:381][293]LightingResults: New page: Lighting Build
[2017.05.29-21.09.40:384][293]LoadErrors: New page: Loading map: UdemyRoom_lighting2.umap
[2017.05.29-21.09.40:386][293]MapCheck: New page: Map Check
[2017.05.29-21.09.40:386][293]LightingResults: New page: Lighting Build
[2017.05.29-21.09.41:333][293]LogSlate: Took 0.003075 seconds to synchronously load lazily loaded font '../../../Engine/Content/Slate/Fonts/Roboto-Regular.ttf' (155K)
[2017.05.29-21.09.43:920][293]LogAIModule: Creating AISystem for world UdemyRoom_lighting2
[2017.05.29-21.09.44:036][293]LogEditorServer: Finished looking for orphan Actors (0.000 secs)
[2017.05.29-21.09.44:061][293]Cmd: MAP CHECKDEP NOCLEARLOG
[2017.05.29-21.09.45:205][293]MapCheck: Info Map check complete: 0 Error(s), 0 Warning(s), took 1,142.731ms to complete.
[2017.05.29-21.09.45:205][293]LogFileHelpers: Loading map 'UdemyRoom_lighting2' took 4.840
[2017.05.29-21.21.59:616][719]LogEditorViewport: Clicking on Actor (LMB): PostProcessVolume (PostProcessVolume)
[2017.05.29-21.24.06:677][869]LogSlate: Took 0.000250 seconds to synchronously load lazily loaded font '../../../Engine/Content/Slate/Fonts/Roboto-Light.ttf' (159K)
[2017.05.29-21.24.15:770][724]Cmd: OBJ SAVEPACKAGE PACKAGE="/Game/Maps/UdemyRoom_lighting2" FILE="E:/UE4 Projects/UE4Udemy/Saved/Autosaves/Game/Maps/UdemyRoom_lighting2_Auto1.umap" SILENT=true AUTOSAVING=true KEEPDIRTY=false
[2017.05.29-21.24.15:997][724]LogSavePackage: Save=107.54ms
[2017.05.29-21.24.15:997][724]LogSavePackage: Moving 'E:/UE4 Projects/UE4Udemy/Saved/UdemyRoom_lighting2_Auto11074F7BD4FF6CC9CFF0DCA852631CDFB.tmp' to 'E:/UE4 Projects/UE4Udemy/Saved/Autosaves/Game/Maps/UdemyRoom_lighting2_Auto1.umap'
[2017.05.29-21.24.15:998][724]LogSavePackage:Display: Finished SavePackage E:/UE4 Projects/UE4Udemy/Saved/Autosaves/Game/Maps/UdemyRoom_lighting2_Auto1.umap
[2017.05.29-21.24.16:000][724]LogFileHelpers: Editor autosave (incl. sublevels) for '/Game/Maps/UdemyRoom_lighting2' took 0.296
[2017.05.29-21.24.16:000][724]LogFileHelpers: Editor autosave (incl. sublevels) for all levels took 0.296
[2017.05.29-21.27.19:654][296]LogEditorViewport: Clicking on Actor (LMB): StaticMeshActor (SM_TV)
[2017.05.29-21.27.21:157][436]LogSlate: Took 0.003516 seconds to synchronously load lazily loaded font '../../../Engine/Content/Editor/Slate/Fonts/Roboto-Italic.ttf' (157K)
[2017.05.29-21.28.39:828][516]LogEditorViewport: Clicking on Actor (LMB): PostProcessVolume (PostProcessVolume)
[2017.05.29-21.36.02:680][472]Cmd: OBJ SAVEPACKAGE PACKAGE="/Game/Maps/UdemyRoom_lighting2" FILE="E:/UE4 Projects/UE4Udemy/Saved/Autosaves/Game/Maps/UdemyRoom_lighting2_Auto2.umap" SILENT=true AUTOSAVING=true KEEPDIRTY=false
[2017.05.29-21.36.02:794][472]LogSavePackage: Save=105.23ms
[2017.05.29-21.36.02:794][472]LogSavePackage: Moving 'E:/UE4 Projects/UE4Udemy/Saved/UdemyRoom_lighting2_Auto223513B134804E6F4A20F7D9E0BADBA29.tmp' to 'E:/UE4 Projects/UE4Udemy/Saved/Autosaves/Game/Maps/UdemyRoom_lighting2_Auto2.umap'
[2017.05.29-21.36.02:795][472]LogSavePackage:Display: Finished SavePackage E:/UE4 Projects/UE4Udemy/Saved/Autosaves/Game/Maps/UdemyRoom_lighting2_Auto2.umap
[2017.05.29-21.36.02:796][472]LogFileHelpers: Editor autosave (incl. sublevels) for '/Game/Maps/UdemyRoom_lighting2' took 0.127
[2017.05.29-21.36.02:796][472]LogFileHelpers: Editor autosave (incl. sublevels) for all levels took 0.127
[2017.05.29-21.46.02:869][939]Cmd: OBJ SAVEPACKAGE PACKAGE="/Game/Maps/UdemyRoom_lighting2" FILE="E:/UE4 Projects/UE4Udemy/Saved/Autosaves/Game/Maps/UdemyRoom_lighting2_Auto3.umap" SILENT=true AUTOSAVING=true KEEPDIRTY=false
[2017.05.29-21.46.02:986][939]LogSavePackage: Save=106.74ms
[2017.05.29-21.46.02:986][939]LogSavePackage: Moving 'E:/UE4 Projects/UE4Udemy/Saved/UdemyRoom_lighting2_Auto38E11CB0C4A0F7309B24CECBDC155A872.tmp' to 'E:/UE4 Projects/UE4Udemy/Saved/Autosaves/Game/Maps/UdemyRoom_lighting2_Auto3.umap'
[2017.05.29-21.46.02:986][939]LogSavePackage:Display: Finished SavePackage E:/UE4 Projects/UE4Udemy/Saved/Autosaves/Game/Maps/UdemyRoom_lighting2_Auto3.umap
[2017.05.29-21.46.02:988][939]LogFileHelpers: Editor autosave (incl. sublevels) for '/Game/Maps/UdemyRoom_lighting2' took 0.129
[2017.05.29-21.46.02:988][939]LogFileHelpers: Editor autosave (incl. sublevels) for all levels took 0.129
[2017.05.29-21.56.03:057][253]Cmd: OBJ SAVEPACKAGE PACKAGE="/Game/Maps/UdemyRoom_lighting2" FILE="E:/UE4 Projects/UE4Udemy/Saved/Autosaves/Game/Maps/UdemyRoom_lighting2_Auto4.umap" SILENT=true AUTOSAVING=true KEEPDIRTY=false
[2017.05.29-21.56.03:692][253]LogSavePackage: Save=105.83ms
[2017.05.29-21.56.03:692][253]LogSavePackage: Moving 'E:/UE4 Projects/UE4Udemy/Saved/UdemyRoom_lighting2_Auto4B70F933B46C695F780E89A87EAC9DAE1.tmp' to 'E:/UE4 Projects/UE4Udemy/Saved/Autosaves/Game/Maps/UdemyRoom_lighting2_Auto4.umap'
[2017.05.29-21.56.03:692][253]LogSavePackage:Display: Finished SavePackage E:/UE4 Projects/UE4Udemy/Saved/Autosaves/Game/Maps/UdemyRoom_lighting2_Auto4.umap
[2017.05.29-21.56.03:694][253]LogFileHelpers: Editor autosave (incl. sublevels) for '/Game/Maps/UdemyRoom_lighting2' took 0.647
[2017.05.29-21.56.03:694][253]LogFileHelpers: Editor autosave (incl. sublevels) for all levels took 0.647
[2017.05.29-21.56.52:680][286]LogEditorViewport: Clicking Background
[2017.05.29-21.56.54:390][447]Cmd: TRANSACTION UNDO
[2017.05.29-21.56.54:390][447]LogEditorTransaction: Undo Select Brush Surface
[2017.05.29-21.56.54:794][475]Cmd: TRANSACTION UNDO
[2017.05.29-21.56.54:794][475]LogEditorTransaction: Undo Clicking Background
[2017.05.29-21.56.55:380][518]Cmd: TRANSACTION UNDO
[2017.05.29-21.56.55:380][518]LogEditorTransaction: Undo Apply Material to Selected Surfaces
[2017.05.29-21.57.25:302][102]LogTemp: Repeting last play command: Selected Viewport
[2017.05.29-21.57.25:315][102]LogPlayLevel: PlayLevel: No blueprints needed recompiling
[2017.05.29-21.57.25:316][102]PIE: New page: PIE session: UdemyRoom_lighting2 (May 30, 2017, 1:57:25 AM)
[2017.05.29-21.57.25:316][102]LogPlayLevel: Creating play world package: /Game/Maps/UEDPIE_0_UdemyRoom_lighting2
[2017.05.29-21.57.25:337][102]LogPlayLevel: PIE: StaticDuplicateObject took: (0.021578s)
[2017.05.29-21.57.25:338][102]LogAIModule: Creating AISystem for world UdemyRoom_lighting2
[2017.05.29-21.57.25:338][102]LogPlayLevel: PIE: World Init took: (0.000929s)
[2017.05.29-21.57.25:338][102]LogPlayLevel: PIE: Created PIE world by copying editor world from /Game/Maps/UdemyRoom_lighting2.UdemyRoom_lighting2 to /Game/Maps/UEDPIE_0_UdemyRoom_lighting2.UdemyRoom_lighting2 (0.022788s)
[2017.05.29-21.57.25:355][102]LogInit: XAudio2 using 'Headset Earphone (HyperX 7.1 Audio)' : 2 channels at 44.1 kHz using 16 bits per sample (channel mask 0x3)
[2017.05.29-21.57.25:362][102]LogInit: FAudioDevice initialized.
[2017.05.29-21.57.25:417][102]LogLoad: Game class is 'GameModeBase'
[2017.05.29-21.57.25:421][102]LogWorld: Bringing World /Game/Maps/UEDPIE_0_UdemyRoom_lighting2.UdemyRoom_lighting2 up for play (max tick rate 0) at 2017.05.29-23.57.25
[2017.05.29-21.57.25:421][102]LogWorld: Bringing up level for play took: 0.002973
[2017.05.29-21.57.26:523][102]LogContentBrowser: Native class hierarchy updated for 'MovieSceneCapture' in 0.0008 seconds. Added 11 classes and 0 folders.
[2017.05.29-21.57.26:524][102]PIE: Info Play in editor start time for /Game/Maps/UEDPIE_0_UdemyRoom_lighting2 0.487
[2017.05.29-22.05.14:936][502]LogEditorViewport: Clicking on Actor (LMB): SpotLight (SpotLight2)
[2017.05.29-22.05.20:851][984]LogEditorViewport: Clicking on Actor (CTRL LMB): SpotLight (SpotLight3)
[2017.05.29-22.05.57:243][859]Cmd: SELECT NONE
[2017.05.29-22.06.05:956][831]Cmd: TRANSACTION UNDO
[2017.05.29-22.06.05:956][831]LogEditorTransaction: Undo Select None
[2017.05.29-22.06.34:240][ 71]MapCheck: New page: Map Check
[2017.05.29-22.06.34:251][ 71]Cmd: MAP REBUILD ALLVISIBLE
[2017.05.29-22.06.34:251][ 71]LogEditorServer: Rebuildmap Clear paths rebuilt
[2017.05.29-22.06.34:385][ 71]LightingResults: New page: Lighting Build - May 30, 2017, 2:06:34 AM
[2017.05.29-22.06.34:480][ 71]LogSwarmInterface: [OpenConnection] Registering TCP channel ...
[2017.05.29-22.06.34:584][ 71]LogSwarmInterface: [OpenConnection] Connecting to agent ...
[2017.05.29-22.06.34:597][ 71]LogSwarmInterface: [TryOpenConnection] Testing the Agent
[2017.05.29-22.06.35:611][ 71]LogSwarmInterface: [TryOpenConnection] Opening Connection to Agent
[2017.05.29-22.06.35:611][ 71]LogSwarmInterface: [TryOpenConnection] Local Process ID is 1868
[2017.05.29-22.06.38:220][ 71]LogStaticLightingSystem: Running Lightmass w/ ImmediateImport mode ENABLED
[2017.05.29-22.06.38:220][ 71]LogStaticLightingSystem: Running Lightmass w/ ImmediateProcess mode ENABLED
[2017.05.29-22.06.38:220][ 71]LogStaticLightingSystem: Running Lightmass w/ Sorting mode ENABLED
[2017.05.29-22.06.38:220][ 71]LogStaticLightingSystem: Running Lightmass w/ Mapping paddings ENABLED
[2017.05.29-22.06.38:220][ 71]LogStaticLightingSystem: Running Lightmass w/ Mapping debug paddings DISABLED
[2017.05.29-22.06.38:505][ 71]LogEditorBuildUtils: Build time 0:04
[2017.05.29-22.06.56:242][882]Job is a success!
[2017.05.29-22.06.58:699][883]LogTexture:Display: Building textures: SkyOcclusion0_1 (AutoDXT, 1024X512) - 486 MB total VRAM
[2017.05.29-22.06.58:699][883]LogTexture:Display: Building textures: HQ_Lightmap0_1 (AutoDXT, 1024X1024) - 486 MB total VRAM
[2017.05.29-22.06.58:699][883]LogTexture:Display: Building textures: LQ_Lightmap_0_1 (DXT1, 1024X1024) - 486 MB total VRAM
[2017.05.29-22.06.58:699][883]LogTexture:Display: Building textures: SkyOcclusion0_2 (AutoDXT, 512X256) - 486 MB total VRAM
[2017.05.29-22.06.58:699][883]LogTexture:Display: Building textures: HQ_Lightmap0_2 (AutoDXT, 512X512) - 486 MB total VRAM
[2017.05.29-22.06.58:699][883]LogTexture:Display: Building textures: LQ_Lightmap_0_2 (DXT1, 512X512) - 486 MB total VRAM
[2017.05.29-22.06.58:699][883]LogTexture:Display: Building textures: SkyOcclusion0_3 (AutoDXT, 512X256) - 486 MB total VRAM
[2017.05.29-22.06.58:699][883]LogTexture:Display: Building textures: HQ_Lightmap1_3 (AutoDXT, 512X512) - 486 MB total VRAM
[2017.05.29-22.06.58:699][883]LogTexture:Display: Building textures: LQ_Lightmap_1_3 (DXT1, 512X512) - 486 MB total VRAM
[2017.05.29-22.06.58:699][883]LogTexture:Display: Building textures: SkyOcclusion0_4 (AutoDXT, 64X32) - 486 MB total VRAM
[2017.05.29-22.06.58:699][883]LogTexture:Display: Building textures: LQ_Lightmap_0_4 (DXT1, 64X64) - 486 MB total VRAM
[2017.05.29-22.06.58:699][883]LogTexture:Display: Building textures: HQ_Lightmap0_4 (AutoDXT, 64X64) - 486 MB total VRAM
[2017.05.29-22.06.58:899][883]LogTexture:Display: Building textures: ShadowMapTexture2D_2 (G8, 32X32) - 486 MB total VRAM
[2017.05.29-22.06.58:899][883]LogTexture:Display: Building textures: ShadowMapTexture2D_1 (BGRA8, 512X256) - 486 MB total VRAM
[2017.05.29-22.06.59:044][883]LogTexture:Display: Building textures: ShadowMapTexture2D_0 (BGRA8, 1024X1024) - 486 MB total VRAM
[2017.05.29-22.06.59:083][883]Lightmass on DESKTOP-K3I0D43: 19.8 sec total, 465 ms importing, 100 ms setup, 1.45 sec photons, 17.7 sec processing, 0 ms extra exporting [117/117 mappings]. Threads: 1:11 min total, 44.5 sec processing.
[2017.05.29-22.06.59:091][883]LogStaticLightingSystem: Illumination: 24.6 sec (2.29 sec encoding lightmaps, 337 ms encoding shadowmaps)
[2017.05.29-22.06.59:091][883]LogStaticLightingSystem: Lightmap texture memory:  4.0 MB (3.3 MB streaming, 0.7 MB non-streaming), 8 textures
[2017.05.29-22.06.59:091][883]LogStaticLightingSystem: Shadowmap texture memory: 6.0 MB (5.3 MB streaming, 0.7 MB non-streaming), 3 textures
[2017.05.29-22.06.59:228][883]DumpUnbuiltLightIteractions
[2017.05.29-22.06.59:228][883]Lights with unbuilt interactions: 0
[2017.05.29-22.06.59:228][883]
[2017.05.29-22.06.59:228][883]Primitives with unbuilt interactions: 0
[2017.05.29-22.06.59:242][884]Cmd: MAP CHECK NOTIFYRESULTS
[2017.05.29-22.06.59:242][884]MapCheck: New page: UdemyRoom_lighting2 - May 30, 2017, 2:06:59 AM
[2017.05.29-22.06.59:325][884]MapCheck: Info Map check complete: 0 Error(s), 0 Warning(s), took 82.937ms to complete.
[2017.05.29-22.07.49:252][946]Cmd: SELECT NONE
[2017.05.29-22.08.09:423][ 42]MapCheck: New page: Map Check
[2017.05.29-22.08.09:434][ 42]Cmd: MAP REBUILD ALLVISIBLE
[2017.05.29-22.08.09:434][ 42]LogEditorServer: Rebuildmap Clear paths rebuilt
[2017.05.29-22.08.09:672][ 42]LogMaterial: Missing cached shader map for material FDebugViewModeMaterialProxy WorldGridMaterial, compiling. Is special engine material.
[2017.05.29-22.08.09:673][ 42]LogTemp:Display: Added material ShaderMap 0x000001C455116780 with Material 0x000001C44A80D600 to ShaderMapsBeingCompiled
[2017.05.29-22.08.09:677][ 42]LogTemp:Display: Kicking off shader compilation for FDebugViewModeMaterialProxy WorldGridMaterial, GameThreadShaderMap 0x000001C455116780
[2017.05.29-22.08.09:680][ 42]LogMaterial: Missing cached shader map for material FDebugViewModeMaterialProxy M_BrickWall_Blue, compiling. 
[2017.05.29-22.08.09:682][ 42]LogTemp:Display: Added material ShaderMap 0x000001C44C9F3900 with Material 0x000001C44A80CA00 to ShaderMapsBeingCompiled
[2017.05.29-22.08.09:685][ 42]LogTemp:Display: Kicking off shader compilation for FDebugViewModeMaterialProxy M_BrickWall_Blue, GameThreadShaderMap 0x000001C44C9F3900
[2017.05.29-22.08.09:688][ 42]LogMaterial: Missing cached shader map for material FDebugViewModeMaterialProxy M_WoodFloor_MAT_Inst, compiling. 
[2017.05.29-22.08.09:689][ 42]LogTemp:Display: Added material ShaderMap 0x000001C44C9F3200 with Material 0x000001C45513FD00 to ShaderMapsBeingCompiled
[2017.05.29-22.08.09:691][ 42]LogTemp:Display: Kicking off shader compilation for FDebugViewModeMaterialProxy M_WoodFloor_MAT_Inst, GameThreadShaderMap 0x000001C44C9F3200
[2017.05.29-22.08.09:694][ 42]LogMaterial: Missing cached shader map for material FDebugViewModeMaterialProxy MI_Couch_NOSSS_Mat_Inst, compiling. 
[2017.05.29-22.08.09:695][ 42]LogTemp:Display: Added material ShaderMap 0x000001C44C9F2B00 with Material 0x000001C45513F700 to ShaderMapsBeingCompiled
[2017.05.29-22.08.09:698][ 42]LogTemp:Display: Kicking off shader compilation for FDebugViewModeMaterialProxy MI_Couch_NOSSS_Mat_Inst, GameThreadShaderMap 0x000001C44C9F2B00
[2017.05.29-22.08.09:701][ 42]LogMaterial: Missing cached shader map for material FDebugViewModeMaterialProxy M_WallPainInterior_MAT_Inst, compiling. 
[2017.05.29-22.08.09:702][ 42]LogTemp:Display: Added material ShaderMap 0x000001C44C9F2080 with Material 0x000001C45513F100 to ShaderMapsBeingCompiled
[2017.05.29-22.08.09:704][ 42]LogTemp:Display: Kicking off shader compilation for FDebugViewModeMaterialProxy M_WallPainInterior_MAT_Inst, GameThreadShaderMap 0x000001C44C9F2080
[2017.05.29-22.08.09:707][ 42]LogMaterial: Missing cached shader map for material FDebugViewModeMaterialProxy M_CoffeTable_MAT_Inst, compiling. 
[2017.05.29-22.08.09:708][ 42]LogTemp:Display: Added material ShaderMap 0x000001C44C9F0800 with Material 0x000001C45513DF00 to ShaderMapsBeingCompiled
[2017.05.29-22.08.09:710][ 42]LogTemp:Display: Kicking off shader compilation for FDebugViewModeMaterialProxy M_CoffeTable_MAT_Inst, GameThreadShaderMap 0x000001C44C9F0800
[2017.05.29-22.08.09:713][ 42]LogMaterial: Missing cached shader map for material FDebugViewModeMaterialProxy M_Door_MAT_Inst, compiling. 
[2017.05.29-22.08.09:714][ 42]LogTemp:Display: Added material ShaderMap 0x000001C4551EF900 with Material 0x000001C45513D900 to ShaderMapsBeingCompiled
[2017.05.29-22.08.09:717][ 42]LogTemp:Display: Kicking off shader compilation for FDebugViewModeMaterialProxy M_Door_MAT_Inst, GameThreadShaderMap 0x000001C4551EF900
[2017.05.29-22.08.09:720][ 42]LogMaterial: Missing cached shader map for material FDebugViewModeMaterialProxy M_TV_Inst, compiling. 
[2017.05.29-22.08.09:721][ 42]LogTemp:Display: Added material ShaderMap 0x000001C4551EF580 with Material 0x000001C45513DC00 to ShaderMapsBeingCompiled
[2017.05.29-22.08.09:723][ 42]LogTemp:Display: Kicking off shader compilation for FDebugViewModeMaterialProxy M_TV_Inst, GameThreadShaderMap 0x000001C4551EF580
[2017.05.29-22.08.09:726][ 42]LogMaterial: Missing cached shader map for material FDebugViewModeMaterialProxy M_SlidingDoor_Mat_Inst, compiling. 
[2017.05.29-22.08.09:727][ 42]LogTemp:Display: Added material ShaderMap 0x000001C4551EE780 with Material 0x000001C45513CD00 to ShaderMapsBeingCompiled
[2017.05.29-22.08.09:729][ 42]LogTemp:Display: Kicking off shader compilation for FDebugViewModeMaterialProxy M_SlidingDoor_Mat_Inst, GameThreadShaderMap 0x000001C4551EE780
[2017.05.29-22.08.09:733][ 42]LogMaterial: Missing cached shader map for material FDebugViewModeMaterialProxy M_Glas_MAt_Inst, compiling. 
[2017.05.29-22.08.09:733][ 42]LogTemp:Display: Added material ShaderMap 0x000001C4551EDD00 with Material 0x000001C41EC63A00 to ShaderMapsBeingCompiled
[2017.05.29-22.08.09:736][ 42]LogTemp:Display: Kicking off shader compilation for FDebugViewModeMaterialProxy M_Glas_MAt_Inst, GameThreadShaderMap 0x000001C4551EDD00
[2017.05.29-22.08.09:739][ 42]LogMaterial: Missing cached shader map for material FDebugViewModeMaterialProxy M_Basic_Floor, compiling. 
[2017.05.29-22.08.09:740][ 42]LogTemp:Display: Added material ShaderMap 0x000001C4551ECF00 with Material 0x000001C41EC63700 to ShaderMapsBeingCompiled
[2017.05.29-22.08.09:742][ 42]LogTemp:Display: Kicking off shader compilation for FDebugViewModeMaterialProxy M_Basic_Floor, GameThreadShaderMap 0x000001C4551ECF00
[2017.05.29-22.08.09:745][ 42]LogMaterial: Missing cached shader map for material FDebugViewModeMaterialProxy M_Painting_1, compiling. 
[2017.05.29-22.08.09:746][ 42]LogTemp:Display: Added material ShaderMap 0x000001C41EC53900 with Material 0x000001C41EC63100 to ShaderMapsBeingCompiled
[2017.05.29-22.08.09:748][ 42]LogTemp:Display: Kicking off shader compilation for FDebugViewModeMaterialProxy M_Painting_1, GameThreadShaderMap 0x000001C41EC53900
[2017.05.29-22.08.09:751][ 42]LogMaterial: Missing cached shader map for material FDebugViewModeMaterialProxy M_FloorLamp_Mat_Inst, compiling. 
[2017.05.29-22.08.09:753][ 42]LogTemp:Display: Added material ShaderMap 0x000001C41EC53200 with Material 0x000001C41EC62B00 to ShaderMapsBeingCompiled
[2017.05.29-22.08.09:755][ 42]LogTemp:Display: Kicking off shader compilation for FDebugViewModeMaterialProxy M_FloorLamp_Mat_Inst, GameThreadShaderMap 0x000001C41EC53200
[2017.05.29-22.08.09:759][ 42]LogMaterial: Missing cached shader map for material FDebugViewModeMaterialProxy M_PlantLeaf_Mat_Inst, compiling. 
[2017.05.29-22.08.09:760][ 42]LogTemp:Display: Added material ShaderMap 0x000001C41EC52780 with Material 0x000001C41EC62800 to ShaderMapsBeingCompiled
[2017.05.29-22.08.09:762][ 42]LogTemp:Display: Kicking off shader compilation for FDebugViewModeMaterialProxy M_PlantLeaf_Mat_Inst, GameThreadShaderMap 0x000001C41EC52780
[2017.05.29-22.08.09:765][ 42]LogMaterial: Missing cached shader map for material FDebugViewModeMaterialProxy M_PlantBark_Mat_Inst, compiling. 
[2017.05.29-22.08.09:766][ 42]LogTemp:Display: Added material ShaderMap 0x000001C41EC51D00 with Material 0x000001C41EC61F00 to ShaderMapsBeingCompiled
[2017.05.29-22.08.09:769][ 42]LogTemp:Display: Kicking off shader compilation for FDebugViewModeMaterialProxy M_PlantBark_Mat_Inst, GameThreadShaderMap 0x000001C41EC51D00
[2017.05.29-22.08.09:772][ 42]LogMaterial: Missing cached shader map for material FDebugViewModeMaterialProxy M_PlantPot_Mat_Inst, compiling. 
[2017.05.29-22.08.09:773][ 42]LogTemp:Display: Added material ShaderMap 0x000001C41EC51280 with Material 0x000001C41EC61900 to ShaderMapsBeingCompiled
[2017.05.29-22.08.09:775][ 42]LogTemp:Display: Kicking off shader compilation for FDebugViewModeMaterialProxy M_PlantPot_Mat_Inst, GameThreadShaderMap 0x000001C41EC51280
[2017.05.29-22.08.09:778][ 42]LogMaterial: Missing cached shader map for material FDebugViewModeMaterialProxy M_Ceramic_Mat_Inst, compiling. 
[2017.05.29-22.08.09:779][ 42]LogTemp:Display: Added material ShaderMap 0x000001C41EC50800 with Material 0x000001C41EC61000 to ShaderMapsBeingCompiled
[2017.05.29-22.08.09:781][ 42]LogTemp:Display: Kicking off shader compilation for FDebugViewModeMaterialProxy M_Ceramic_Mat_Inst, GameThreadShaderMap 0x000001C41EC50800
[2017.05.29-22.08.09:785][ 42]LogMaterial: Missing cached shader map for material FDebugViewModeMaterialProxy M_Mug, compiling. 
[2017.05.29-22.08.09:786][ 42]LogTemp:Display: Added material ShaderMap 0x000001C41EBEF900 with Material 0x000001C41EC60A00 to ShaderMapsBeingCompiled
[2017.05.29-22.08.09:788][ 42]LogTemp:Display: Kicking off shader compilation for FDebugViewModeMaterialProxy M_Mug, GameThreadShaderMap 0x000001C41EBEF900
[2017.05.29-22.08.09:792][ 42]LogMaterial: Missing cached shader map for material FDebugViewModeMaterialProxy MI_Carptet_Mat_Inst, compiling. 
[2017.05.29-22.08.09:794][ 42]LogTemp:Display: Added material ShaderMap 0x000001C41EBEEE80 with Material 0x000001C41EBC3A00 to ShaderMapsBeingCompiled
[2017.05.29-22.08.09:796][ 42]LogTemp:Display: Kicking off shader compilation for FDebugViewModeMaterialProxy MI_Carptet_Mat_Inst, GameThreadShaderMap 0x000001C41EBEEE80
[2017.05.29-22.08.09:799][ 42]LogMaterial: Missing cached shader map for material FDebugViewModeMaterialProxy M_Curtain_MAT_Inst, compiling. 
[2017.05.29-22.08.09:801][ 42]LogTemp:Display: Added material ShaderMap 0x000001C41EBEE400 with Material 0x000001C41EBC3700 to ShaderMapsBeingCompiled
[2017.05.29-22.08.09:803][ 42]LogTemp:Display: Kicking off shader compilation for FDebugViewModeMaterialProxy M_Curtain_MAT_Inst, GameThreadShaderMap 0x000001C41EBEE400
[2017.05.29-22.08.09:806][ 42]LogMaterial: Missing cached shader map for material FDebugViewModeMaterialProxy M_Shelving_Inst, compiling. 
[2017.05.29-22.08.09:807][ 42]LogTemp:Display: Added material ShaderMap 0x000001C41EBED980 with Material 0x000001C41EBC3100 to ShaderMapsBeingCompiled
[2017.05.29-22.08.09:809][ 42]LogTemp:Display: Kicking off shader compilation for FDebugViewModeMaterialProxy M_Shelving_Inst, GameThreadShaderMap 0x000001C41EBED980
[2017.05.29-22.08.09:812][ 42]LogMaterial: Missing cached shader map for material FDebugViewModeMaterialProxy M_Painting_3, compiling. 
[2017.05.29-22.08.09:813][ 42]LogTemp:Display: Added material ShaderMap 0x000001C41EBECF00 with Material 0x000001C41EBC2B00 to ShaderMapsBeingCompiled
[2017.05.29-22.08.09:816][ 42]LogTemp:Display: Kicking off shader compilation for FDebugViewModeMaterialProxy M_Painting_3, GameThreadShaderMap 0x000001C41EBECF00
[2017.05.29-22.08.09:819][ 42]LogMaterial: Missing cached shader map for material FDebugViewModeMaterialProxy M_DeskLamp_Mat_Inst, compiling. 
[2017.05.29-22.08.09:820][ 42]LogTemp:Display: Added material ShaderMap 0x000001C41EBEC480 with Material 0x000001C41EBC2800 to ShaderMapsBeingCompiled
[2017.05.29-22.08.09:822][ 42]LogTemp:Display: Kicking off shader compilation for FDebugViewModeMaterialProxy M_DeskLamp_Mat_Inst, GameThreadShaderMap 0x000001C41EBEC480
[2017.05.29-22.08.09:825][ 42]LogMaterial: Missing cached shader map for material FDebugViewModeMaterialProxy M_Wood_A_Popsicle, compiling. 
[2017.05.29-22.08.09:826][ 42]LogTemp:Display: Added material ShaderMap 0x000001C41EB6F900 with Material 0x000001C41EBC1F00 to ShaderMapsBeingCompiled
[2017.05.29-22.08.09:828][ 42]LogTemp:Display: Kicking off shader compilation for FDebugViewModeMaterialProxy M_Wood_A_Popsicle, GameThreadShaderMap 0x000001C41EB6F900
[2017.05.29-22.08.09:831][ 42]LogMaterial: Missing cached shader map for material FDebugViewModeMaterialProxy M_Book_Mat_Inst, compiling. 
[2017.05.29-22.08.09:832][ 42]LogTemp:Display: Added material ShaderMap 0x000001C41EB6EE80 with Material 0x000001C41EBC1900 to ShaderMapsBeingCompiled
[2017.05.29-22.08.09:834][ 42]LogTemp:Display: Kicking off shader compilation for FDebugViewModeMaterialProxy M_Book_Mat_Inst, GameThreadShaderMap 0x000001C41EB6EE80
[2017.05.29-22.08.09:837][ 42]LogMaterial: Missing cached shader map for material FDebugViewModeMaterialProxy M_Socket, compiling. 
[2017.05.29-22.08.09:838][ 42]LogTemp:Display: Added material ShaderMap 0x000001C41EB6E400 with Material 0x000001C41EBC1300 to ShaderMapsBeingCompiled
[2017.05.29-22.08.09:840][ 42]LogTemp:Display: Kicking off shader compilation for FDebugViewModeMaterialProxy M_Socket, GameThreadShaderMap 0x000001C41EB6E400
[2017.05.29-22.08.09:843][ 42]LogMaterial: Missing cached shader map for material FDebugViewModeMaterialProxy M_Statue_Inst, compiling. 
[2017.05.29-22.08.09:843][ 42]LogTemp:Display: Added material ShaderMap 0x000001C41EB6D980 with Material 0x000001C41EBC1000 to ShaderMapsBeingCompiled
[2017.05.29-22.08.09:845][ 42]LogTemp:Display: Kicking off shader compilation for FDebugViewModeMaterialProxy M_Statue_Inst, GameThreadShaderMap 0x000001C41EB6D980
[2017.05.29-22.08.09:848][ 42]LogMaterial: Missing cached shader map for material FDebugViewModeMaterialProxy M_Tiles_Mat_Inst, compiling. 
[2017.05.29-22.08.09:849][ 42]LogTemp:Display: Added material ShaderMap 0x000001C41EB6CF00 with Material 0x000001C41EBC0A00 to ShaderMapsBeingCompiled
[2017.05.29-22.08.09:851][ 42]LogTemp:Display: Kicking off shader compilation for FDebugViewModeMaterialProxy M_Tiles_Mat_Inst, GameThreadShaderMap 0x000001C41EB6CF00
[2017.05.29-22.08.09:854][ 42]LogMaterial: Missing cached shader map for material FDebugViewModeMaterialProxy M_Railing_MAT_Inst, compiling. 
[2017.05.29-22.08.09:855][ 42]LogTemp:Display: Added material ShaderMap 0x000001C41EB6C480 with Material 0x000001C457A6BA00 to ShaderMapsBeingCompiled
[2017.05.29-22.08.09:857][ 42]LogTemp:Display: Kicking off shader compilation for FDebugViewModeMaterialProxy M_Railing_MAT_Inst, GameThreadShaderMap 0x000001C41EB6C480
[2017.05.29-22.08.09:860][ 42]LogMaterial: Missing cached shader map for material FDebugViewModeMaterialProxy M_Background_Mat, compiling. 
[2017.05.29-22.08.09:861][ 42]LogTemp:Display: Added material ShaderMap 0x000001C457A6F900 with Material 0x000001C457A6B700 to ShaderMapsBeingCompiled
[2017.05.29-22.08.09:862][ 42]LogTemp:Display: Kicking off shader compilation for FDebugViewModeMaterialProxy M_Background_Mat, GameThreadShaderMap 0x000001C457A6F900
[2017.05.29-22.08.09:865][ 42]LogMaterial: Missing cached shader map for material FDebugViewModeMaterialProxy M_RoundCeilingLight_Mat_LIT_Inst, compiling. 
[2017.05.29-22.08.09:866][ 42]LogTemp:Display: Added material ShaderMap 0x000001C457A6EE80 with Material 0x000001C457A6B100 to ShaderMapsBeingCompiled
[2017.05.29-22.08.09:868][ 42]LogTemp:Display: Kicking off shader compilation for FDebugViewModeMaterialProxy M_RoundCeilingLight_Mat_LIT_Inst, GameThreadShaderMap 0x000001C457A6EE80
[2017.05.29-22.08.10:557][ 42]LogTemp:Display: Finished compile of shader map 0x000001C455116780
[2017.05.29-22.08.10:557][ 42]LogTemp:Display: Shader map FDebugViewModeMaterialProxy WorldGridMaterial complete, GameThreadShaderMap 0x000001C455116780, marking material FDebugViewModeMaterialProxy WorldGridMaterial as finished
[2017.05.29-22.08.10:557][ 42]LogTemp:Display: Marking material as finished 0x000001C44A80D600
[2017.05.29-22.08.10:626][ 42]LogTemp:Display: Finished compile of shader map 0x000001C44C9F3200
[2017.05.29-22.08.10:626][ 42]LogTemp:Display: Shader map FDebugViewModeMaterialProxy M_WoodFloor_MAT_Inst complete, GameThreadShaderMap 0x000001C44C9F3200, marking material FDebugViewModeMaterialProxy M_WoodFloor_MAT_Inst as finished
[2017.05.29-22.08.10:626][ 42]LogTemp:Display: Marking material as finished 0x000001C45513FD00
[2017.05.29-22.08.10:715][ 42]LogTemp:Display: Finished compile of shader map 0x000001C44C9F3900
[2017.05.29-22.08.10:715][ 42]LogTemp:Display: Shader map FDebugViewModeMaterialProxy M_BrickWall_Blue complete, GameThreadShaderMap 0x000001C44C9F3900, marking material FDebugViewModeMaterialProxy M_BrickWall_Blue as finished
[2017.05.29-22.08.10:715][ 42]LogTemp:Display: Marking material as finished 0x000001C44A80CA00
[2017.05.29-22.08.10:792][ 42]LogTemp:Display: Finished compile of shader map 0x000001C44C9F2080
[2017.05.29-22.08.10:792][ 42]LogTemp:Display: Shader map FDebugViewModeMaterialProxy M_WallPainInterior_MAT_Inst complete, GameThreadShaderMap 0x000001C44C9F2080, marking material FDebugViewModeMaterialProxy M_WallPainInterior_MAT_Inst as finished
[2017.05.29-22.08.10:792][ 42]LogTemp:Display: Marking material as finished 0x000001C45513F100
[2017.05.29-22.08.10:936][ 42]LogTemp:Display: Finished compile of shader map 0x000001C44C9F2B00
[2017.05.29-22.08.10:936][ 42]LogTemp:Display: Shader map FDebugViewModeMaterialProxy MI_Couch_NOSSS_Mat_Inst complete, GameThreadShaderMap 0x000001C44C9F2B00, marking material FDebugViewModeMaterialProxy MI_Couch_NOSSS_Mat_Inst as finished
[2017.05.29-22.08.10:936][ 42]LogTemp:Display: Marking material as finished 0x000001C45513F700
[2017.05.29-22.08.10:971][ 42]LogTemp:Display: Finished compile of shader map 0x000001C44C9F0800
[2017.05.29-22.08.10:971][ 42]LogTemp:Display: Shader map FDebugViewModeMaterialProxy M_CoffeTable_MAT_Inst complete, GameThreadShaderMap 0x000001C44C9F0800, marking material FDebugViewModeMaterialProxy M_CoffeTable_MAT_Inst as finished
[2017.05.29-22.08.10:971][ 42]LogTemp:Display: Marking material as finished 0x000001C45513DF00
[2017.05.29-22.08.11:101][ 42]LogTemp:Display: Finished compile of shader map 0x000001C4551EF900
[2017.05.29-22.08.11:101][ 42]LogTemp:Display: Shader map FDebugViewModeMaterialProxy M_Door_MAT_Inst complete, GameThreadShaderMap 0x000001C4551EF900, marking material FDebugViewModeMaterialProxy M_Door_MAT_Inst as finished
[2017.05.29-22.08.11:101][ 42]LogTemp:Display: Marking material as finished 0x000001C45513D900
[2017.05.29-22.08.11:167][ 42]LogTemp:Display: Finished compile of shader map 0x000001C4551EF580
[2017.05.29-22.08.11:168][ 42]LogTemp:Display: Shader map FDebugViewModeMaterialProxy M_TV_Inst complete, GameThreadShaderMap 0x000001C4551EF580, marking material FDebugViewModeMaterialProxy M_TV_Inst as finished
[2017.05.29-22.08.11:168][ 42]LogTemp:Display: Marking material as finished 0x000001C45513DC00
[2017.05.29-22.08.11:182][ 42]LogTemp:Display: Finished compile of shader map 0x000001C4551EE780
[2017.05.29-22.08.11:182][ 42]LogTemp:Display: Shader map FDebugViewModeMaterialProxy M_SlidingDoor_Mat_Inst complete, GameThreadShaderMap 0x000001C4551EE780, marking material FDebugViewModeMaterialProxy M_SlidingDoor_Mat_Inst as finished
[2017.05.29-22.08.11:182][ 42]LogTemp:Display: Marking material as finished 0x000001C45513CD00
[2017.05.29-22.08.11:216][ 42]LogTemp:Display: Finished compile of shader map 0x000001C4551EDD00
[2017.05.29-22.08.11:216][ 42]LogTemp:Display: Shader map FDebugViewModeMaterialProxy M_Glas_MAt_Inst complete, GameThreadShaderMap 0x000001C4551EDD00, marking material FDebugViewModeMaterialProxy M_Glas_MAt_Inst as finished
[2017.05.29-22.08.11:216][ 42]LogTemp:Display: Marking material as finished 0x000001C41EC63A00
[2017.05.29-22.08.11:285][ 42]LogTemp:Display: Finished compile of shader map 0x000001C4551ECF00
[2017.05.29-22.08.11:285][ 42]LogTemp:Display: Shader map FDebugViewModeMaterialProxy M_Basic_Floor complete, GameThreadShaderMap 0x000001C4551ECF00, marking material FDebugViewModeMaterialProxy M_Basic_Floor as finished
[2017.05.29-22.08.11:285][ 42]LogTemp:Display: Marking material as finished 0x000001C41EC63700
[2017.05.29-22.08.11:474][ 42]LogTemp:Display: Finished compile of shader map 0x000001C41EC53200
[2017.05.29-22.08.11:474][ 42]LogTemp:Display: Shader map FDebugViewModeMaterialProxy M_FloorLamp_Mat_Inst complete, GameThreadShaderMap 0x000001C41EC53200, marking material FDebugViewModeMaterialProxy M_FloorLamp_Mat_Inst as finished
[2017.05.29-22.08.11:474][ 42]LogTemp:Display: Marking material as finished 0x000001C41EC62B00
[2017.05.29-22.08.11:498][ 42]LogTemp:Display: Finished compile of shader map 0x000001C41EC53900
[2017.05.29-22.08.11:498][ 42]LogTemp:Display: Shader map FDebugViewModeMaterialProxy M_Painting_1 complete, GameThreadShaderMap 0x000001C41EC53900, marking material FDebugViewModeMaterialProxy M_Painting_1 as finished
[2017.05.29-22.08.11:498][ 42]LogTemp:Display: Marking material as finished 0x000001C41EC63100
[2017.05.29-22.08.11:531][ 42]LogTemp:Display: Finished compile of shader map 0x000001C41EC52780
[2017.05.29-22.08.11:532][ 42]LogTemp:Display: Shader map FDebugViewModeMaterialProxy M_PlantLeaf_Mat_Inst complete, GameThreadShaderMap 0x000001C41EC52780, marking material FDebugViewModeMaterialProxy M_PlantLeaf_Mat_Inst as finished
[2017.05.29-22.08.11:532][ 42]LogTemp:Display: Marking material as finished 0x000001C41EC62800
[2017.05.29-22.08.11:641][ 42]LogTemp:Display: Finished compile of shader map 0x000001C41EC50800
[2017.05.29-22.08.11:641][ 42]LogTemp:Display: Shader map FDebugViewModeMaterialProxy M_Ceramic_Mat_Inst complete, GameThreadShaderMap 0x000001C41EC50800, marking material FDebugViewModeMaterialProxy M_Ceramic_Mat_Inst as finished
[2017.05.29-22.08.11:641][ 42]LogTemp:Display: Marking material as finished 0x000001C41EC61000
[2017.05.29-22.08.11:685][ 42]LogTemp:Display: Finished compile of shader map 0x000001C41EC51D00
[2017.05.29-22.08.11:685][ 42]LogTemp:Display: Shader map FDebugViewModeMaterialProxy M_PlantBark_Mat_Inst complete, GameThreadShaderMap 0x000001C41EC51D00, marking material FDebugViewModeMaterialProxy M_PlantBark_Mat_Inst as finished
[2017.05.29-22.08.11:685][ 42]LogTemp:Display: Marking material as finished 0x000001C41EC61F00
[2017.05.29-22.08.11:753][ 42]LogTemp:Display: Finished compile of shader map 0x000001C41EC51280
[2017.05.29-22.08.11:753][ 42]LogTemp:Display: Shader map FDebugViewModeMaterialProxy M_PlantPot_Mat_Inst complete, GameThreadShaderMap 0x000001C41EC51280, marking material FDebugViewModeMaterialProxy M_PlantPot_Mat_Inst as finished
[2017.05.29-22.08.11:753][ 42]LogTemp:Display: Marking material as finished 0x000001C41EC61900
[2017.05.29-22.08.11:851][ 42]LogTemp:Display: Finished compile of shader map 0x000001C41EBEF900
[2017.05.29-22.08.11:851][ 42]LogTemp:Display: Shader map FDebugViewModeMaterialProxy M_Mug complete, GameThreadShaderMap 0x000001C41EBEF900, marking material FDebugViewModeMaterialProxy M_Mug as finished
[2017.05.29-22.08.11:851][ 42]LogTemp:Display: Marking material as finished 0x000001C41EC60A00
[2017.05.29-22.08.12:087][ 42]LogTemp:Display: Finished compile of shader map 0x000001C41EBED980
[2017.05.29-22.08.12:087][ 42]LogTemp:Display: Shader map FDebugViewModeMaterialProxy M_Shelving_Inst complete, GameThreadShaderMap 0x000001C41EBED980, marking material FDebugViewModeMaterialProxy M_Shelving_Inst as finished
[2017.05.29-22.08.12:087][ 42]LogTemp:Display: Marking material as finished 0x000001C41EBC3100
[2017.05.29-22.08.12:111][ 42]LogTemp:Display: Finished compile of shader map 0x000001C41EBEE400
[2017.05.29-22.08.12:111][ 42]LogTemp:Display: Shader map FDebugViewModeMaterialProxy M_Curtain_MAT_Inst complete, GameThreadShaderMap 0x000001C41EBEE400, marking material FDebugViewModeMaterialProxy M_Curtain_MAT_Inst as finished
[2017.05.29-22.08.12:111][ 42]LogTemp:Display: Marking material as finished 0x000001C41EBC3700
[2017.05.29-22.08.12:135][ 42]LogTemp:Display: Finished compile of shader map 0x000001C41EBEEE80
[2017.05.29-22.08.12:135][ 42]LogTemp:Display: Shader map FDebugViewModeMaterialProxy MI_Carptet_Mat_Inst complete, GameThreadShaderMap 0x000001C41EBEEE80, marking material FDebugViewModeMaterialProxy MI_Carptet_Mat_Inst as finished
[2017.05.29-22.08.12:135][ 42]LogTemp:Display: Marking material as finished 0x000001C41EBC3A00
[2017.05.29-22.08.12:318][ 42]LogTemp:Display: Finished compile of shader map 0x000001C41EBEC480
[2017.05.29-22.08.12:318][ 42]LogTemp:Display: Shader map FDebugViewModeMaterialProxy M_DeskLamp_Mat_Inst complete, GameThreadShaderMap 0x000001C41EBEC480, marking material FDebugViewModeMaterialProxy M_DeskLamp_Mat_Inst as finished
[2017.05.29-22.08.12:318][ 42]LogTemp:Display: Marking material as finished 0x000001C41EBC2800
[2017.05.29-22.08.12:342][ 42]LogTemp:Display: Finished compile of shader map 0x000001C41EB6F900
[2017.05.29-22.08.12:342][ 42]LogTemp:Display: Shader map FDebugViewModeMaterialProxy M_Wood_A_Popsicle complete, GameThreadShaderMap 0x000001C41EB6F900, marking material FDebugViewModeMaterialProxy M_Wood_A_Popsicle as finished
[2017.05.29-22.08.12:342][ 42]LogTemp:Display: Marking material as finished 0x000001C41EBC1F00
[2017.05.29-22.08.12:355][ 42]LogTemp:Display: Finished compile of shader map 0x000001C41EBECF00
[2017.05.29-22.08.12:355][ 42]LogTemp:Display: Shader map FDebugViewModeMaterialProxy M_Painting_3 complete, GameThreadShaderMap 0x000001C41EBECF00, marking material FDebugViewModeMaterialProxy M_Painting_3 as finished
[2017.05.29-22.08.12:355][ 42]LogTemp:Display: Marking material as finished 0x000001C41EBC2B00
[2017.05.29-22.08.12:528][ 42]LogTemp:Display: Finished compile of shader map 0x000001C41EB6E400
[2017.05.29-22.08.12:528][ 42]LogTemp:Display: Shader map FDebugViewModeMaterialProxy M_Socket complete, GameThreadShaderMap 0x000001C41EB6E400, marking material FDebugViewModeMaterialProxy M_Socket as finished
[2017.05.29-22.08.12:528][ 42]LogTemp:Display: Marking material as finished 0x000001C41EBC1300
[2017.05.29-22.08.12:552][ 42]LogTemp:Display: Finished compile of shader map 0x000001C41EB6EE80
[2017.05.29-22.08.12:552][ 42]LogTemp:Display: Shader map FDebugViewModeMaterialProxy M_Book_Mat_Inst complete, GameThreadShaderMap 0x000001C41EB6EE80, marking material FDebugViewModeMaterialProxy M_Book_Mat_Inst as finished
[2017.05.29-22.08.12:552][ 42]LogTemp:Display: Marking material as finished 0x000001C41EBC1900
[2017.05.29-22.08.12:554][ 42]LogTemp:Display: Finished compile of shader map 0x000001C41EB6D980
[2017.05.29-22.08.12:554][ 42]LogTemp:Display: Shader map FDebugViewModeMaterialProxy M_Statue_Inst complete, GameThreadShaderMap 0x000001C41EB6D980, marking material FDebugViewModeMaterialProxy M_Statue_Inst as finished
[2017.05.29-22.08.12:554][ 42]LogTemp:Display: Marking material as finished 0x000001C41EBC1000
[2017.05.29-22.08.12:727][ 42]LogTemp:Display: Finished compile of shader map 0x000001C457A6F900
[2017.05.29-22.08.12:727][ 42]LogTemp:Display: Shader map FDebugViewModeMaterialProxy M_Background_Mat complete, GameThreadShaderMap 0x000001C457A6F900, marking material FDebugViewModeMaterialProxy M_Background_Mat as finished
[2017.05.29-22.08.12:727][ 42]LogTemp:Display: Marking material as finished 0x000001C457A6B700
[2017.05.29-22.08.12:782][ 42]LogTemp:Display: Finished compile of shader map 0x000001C41EB6C480
[2017.05.29-22.08.12:782][ 42]LogTemp:Display: Shader map FDebugViewModeMaterialProxy M_Railing_MAT_Inst complete, GameThreadShaderMap 0x000001C41EB6C480, marking material FDebugViewModeMaterialProxy M_Railing_MAT_Inst as finished
[2017.05.29-22.08.12:782][ 42]LogTemp:Display: Marking material as finished 0x000001C457A6BA00
[2017.05.29-22.08.12:784][ 42]LogTemp:Display: Finished compile of shader map 0x000001C41EB6CF00
[2017.05.29-22.08.12:784][ 42]LogTemp:Display: Shader map FDebugViewModeMaterialProxy M_Tiles_Mat_Inst complete, GameThreadShaderMap 0x000001C41EB6CF00, marking material FDebugViewModeMaterialProxy M_Tiles_Mat_Inst as finished
[2017.05.29-22.08.12:784][ 42]LogTemp:Display: Marking material as finished 0x000001C41EBC0A00
[2017.05.29-22.08.12:936][ 42]LogTemp:Display: Finished compile of shader map 0x000001C457A6EE80
[2017.05.29-22.08.12:936][ 42]LogTemp:Display: Shader map FDebugViewModeMaterialProxy M_RoundCeilingLight_Mat_LIT_Inst complete, GameThreadShaderMap 0x000001C457A6EE80, marking material FDebugViewModeMaterialProxy M_RoundCeilingLight_Mat_LIT_Inst as finished
[2017.05.29-22.08.12:936][ 42]LogTemp:Display: Marking material as finished 0x000001C457A6B100
[2017.05.29-22.08.12:938][ 42]TextureStreamingBuild:Display: Compiling optional shaders took 3.272 seconds.
[2017.05.29-22.08.12:963][ 42]LogLevel:Display: Export Material TexCoord Scales took 0.026 seconds.
[2017.05.29-22.08.12:979][ 42]TextureStreamingBuild:Display: Build Texture Streaming took 0.015 seconds.
[2017.05.29-22.08.12:992][ 42]LightingResults: New page: Lighting Build - May 30, 2017, 2:08:12 AM
[2017.05.29-22.08.12:998][ 42]LogSwarmInterface: [OpenConnection] Registering TCP channel ...
[2017.05.29-22.08.12:999][ 42]LogSwarmInterface: [OpenConnection] Connecting to agent ...
[2017.05.29-22.08.13:000][ 42]LogSwarmInterface: [TryOpenConnection] Testing the Agent
[2017.05.29-22.08.13:000][ 42]LogSwarmInterface: [TryOpenConnection] Opening Connection to Agent
[2017.05.29-22.08.13:000][ 42]LogSwarmInterface: [TryOpenConnection] Local Process ID is 1868
[2017.05.29-22.08.17:512][ 42]LogStaticLightingSystem: Running Lightmass w/ ImmediateImport mode ENABLED
[2017.05.29-22.08.17:512][ 42]LogStaticLightingSystem: Running Lightmass w/ ImmediateProcess mode ENABLED
[2017.05.29-22.08.17:512][ 42]LogStaticLightingSystem: Running Lightmass w/ Sorting mode ENABLED
[2017.05.29-22.08.17:512][ 42]LogStaticLightingSystem: Running Lightmass w/ Mapping paddings ENABLED
[2017.05.29-22.08.17:512][ 42]LogStaticLightingSystem: Running Lightmass w/ Mapping debug paddings DISABLED
[2017.05.29-22.08.17:661][ 42]Cmd: MAP CHECK DONTDISPLAYDIALOG
[2017.05.29-22.08.17:661][ 42]MapCheck: New page: UdemyRoom_lighting2 - May 30, 2017, 2:08:17 AM
[2017.05.29-22.08.17:732][ 42]MapCheck: Info Map check complete: 0 Error(s), 0 Warning(s), took 71.092ms to complete.
[2017.05.29-22.08.17:754][ 42]LogEditorBuildUtils: Build time 0:08
[2017.05.29-22.11.50:958][715]Job is a success!
[2017.05.29-22.11.53:218][716]LogTexture:Display: Building textures: SkyOcclusion1_1 (AutoDXT, 1024X512) - 487 MB total VRAM
[2017.05.29-22.11.53:218][716]LogTexture:Display: Building textures: HQ_Lightmap1_1 (AutoDXT, 1024X1024) - 487 MB total VRAM
[2017.05.29-22.11.53:218][716]LogTexture:Display: Building textures: LQ_Lightmap_1_1 (DXT1, 1024X1024) - 487 MB total VRAM
[2017.05.29-22.11.53:218][716]LogTexture:Display: Building textures: SkyOcclusion1_2 (AutoDXT, 512X256) - 487 MB total VRAM
[2017.05.29-22.11.53:218][716]LogTexture:Display: Building textures: HQ_Lightmap1_2 (AutoDXT, 512X512) - 487 MB total VRAM
[2017.05.29-22.11.53:218][716]LogTexture:Display: Building textures: LQ_Lightmap_1_2 (DXT1, 512X512) - 487 MB total VRAM
[2017.05.29-22.11.53:218][716]LogTexture:Display: Building textures: SkyOcclusion1_3 (AutoDXT, 512X256) - 487 MB total VRAM
[2017.05.29-22.11.53:218][716]LogTexture:Display: Building textures: HQ_Lightmap0_3 (AutoDXT, 512X512) - 487 MB total VRAM
[2017.05.29-22.11.53:218][716]LogTexture:Display: Building textures: LQ_Lightmap_0_3 (DXT1, 512X512) - 487 MB total VRAM
[2017.05.29-22.11.53:218][716]LogTexture:Display: Building textures: SkyOcclusion1_4 (AutoDXT, 64X32) - 487 MB total VRAM
[2017.05.29-22.11.53:218][716]LogTexture:Display: Building textures: HQ_Lightmap1_4 (AutoDXT, 64X64) - 487 MB total VRAM
[2017.05.29-22.11.53:218][716]LogTexture:Display: Building textures: LQ_Lightmap_1_4 (DXT1, 64X64) - 487 MB total VRAM
[2017.05.29-22.11.53:418][716]LogTexture:Display: Building textures: ShadowMapTexture2D_5 (G8, 32X32) - 487 MB total VRAM
[2017.05.29-22.11.53:418][716]LogTexture:Display: Building textures: ShadowMapTexture2D_4 (BGRA8, 512X256) - 487 MB total VRAM
[2017.05.29-22.11.53:550][716]LogTexture:Display: Building textures: ShadowMapTexture2D_3 (BGRA8, 1024X1024) - 487 MB total VRAM
[2017.05.29-22.11.53:582][716]LogStaticLightingSystem: Illumination: 3:40 min (2.11 sec encoding lightmaps, 328 ms encoding shadowmaps)
[2017.05.29-22.11.53:583][716]LogStaticLightingSystem: Lightmap texture memory:  4.0 MB (3.3 MB streaming, 0.7 MB non-streaming), 8 textures
[2017.05.29-22.11.53:583][716]LogStaticLightingSystem: Shadowmap texture memory: 6.0 MB (5.3 MB streaming, 0.7 MB non-streaming), 3 textures
[2017.05.29-22.11.54:582][716]Lightmass on DESKTOP-K3I0D43: 3:35 min total, 251 ms importing, 83 ms setup, 3.71 sec photons, 3:31 min processing, 0 ms extra exporting [117/117 mappings]. Threads: 14:04 min total, 10:25 min processing.
[2017.05.29-22.11.54:582][716]DumpUnbuiltLightIteractions
[2017.05.29-22.11.54:582][716]Lights with unbuilt interactions: 0
[2017.05.29-22.11.54:582][716]
[2017.05.29-22.11.54:582][716]Primitives with unbuilt interactions: 0
[2017.05.29-22.11.54:592][717]Cmd: MAP CHECK NOTIFYRESULTS
[2017.05.29-22.11.54:592][717]MapCheck: New page: UdemyRoom_lighting2 - May 30, 2017, 2:11:54 AM
[2017.05.29-22.11.54:803][717]MapCheck: Info Map check complete: 0 Error(s), 0 Warning(s), took 211.066ms to complete.
[2017.05.29-22.13.41:013][605]Cmd: OBJ SAVEPACKAGE PACKAGE="/Game/Maps/UdemyRoom_lighting2" FILE="E:/UE4 Projects/UE4Udemy/Saved/Autosaves/Game/Maps/UdemyRoom_lighting2_Auto5.umap" SILENT=true AUTOSAVING=true KEEPDIRTY=false
[2017.05.29-22.13.41:840][605]LogSavePackage: Save=817.07ms
[2017.05.29-22.13.41:840][605]LogSavePackage: Moving 'E:/UE4 Projects/UE4Udemy/Saved/UdemyRoom_lighting2_Auto54CC00CEC4DF6683B5A00D4A9C640FB67.tmp' to 'E:/UE4 Projects/UE4Udemy/Saved/Autosaves/Game/Maps/UdemyRoom_lighting2_Auto5.umap'
[2017.05.29-22.13.41:840][605]LogSavePackage:Display: Finished SavePackage E:/UE4 Projects/UE4Udemy/Saved/Autosaves/Game/Maps/UdemyRoom_lighting2_Auto5.umap
[2017.05.29-22.13.41:842][605]LogFileHelpers: Editor autosave (incl. sublevels) for '/Game/Maps/UdemyRoom_lighting2' took 0.841
[2017.05.29-22.13.41:842][605]LogFileHelpers: Editor autosave (incl. sublevels) for all levels took 0.841
[2017.05.29-22.13.41:844][605]OBJ SavePackage: Generating thumbnails for [0] asset(s) in package [/Game/Maps/UdemyRoom_lighting2_BuiltData] ([1] browsable assets)...
[2017.05.29-22.13.41:844][605]OBJ SavePackage: Finished generating thumbnails for package [/Game/Maps/UdemyRoom_lighting2_BuiltData]
[2017.05.29-22.13.41:844][605]Cmd: OBJ SAVEPACKAGE PACKAGE="/Game/Maps/UdemyRoom_lighting2_BuiltData" FILE="E:/UE4 Projects/UE4Udemy/Saved/Autosaves/Game/Maps/UdemyRoom_lighting2_BuiltData_Auto5.uasset" SILENT=false AUTOSAVING=true
[2017.05.29-22.13.41:966][605]LogSavePackage: Save=18.26ms
[2017.05.29-22.13.41:966][605]LogSavePackage: Moving 'E:/UE4 Projects/UE4Udemy/Saved/UdemyRoom_lighting2_BuiltData_Auto57FD7517A42EF629650A7778EAD77B68F.tmp' to 'E:/UE4 Projects/UE4Udemy/Saved/Autosaves/Game/Maps/UdemyRoom_lighting2_BuiltData_Auto5.uasset'
[2017.05.29-22.13.41:973][605]LogSavePackage:Display: Finished SavePackage E:/UE4 Projects/UE4Udemy/Saved/Autosaves/Game/Maps/UdemyRoom_lighting2_BuiltData_Auto5.uasset
[2017.05.29-22.13.41:973][605]LogFileHelpers: Auto-saving content packages took 0.129
[2017.05.29-23.13.28:927][377]LogEditorViewport: Clicking on Actor (LMB): StaticMeshActor (SM_Shelving4)
[2017.05.29-23.14.35:597][816]Cmd: DELETE
[2017.05.29-23.14.35:597][816]Cmd: ACTOR DELETE
[2017.05.29-23.14.35:599][816]LogEditorActor: Deleted Actor: Brush
[2017.05.29-23.14.35:616][816]LogEditorActor: Deleted 1 Actors (0.018 secs)
[2017.05.29-23.14.39:778][288]Cmd: TRANSACTION UNDO
[2017.05.29-23.14.39:779][288]LogEditorTransaction: Undo Delete Actors
[2017.05.29-23.14.39:786][288]LogActorComponent: ~FComponentReregisterContext: (/Game/Maps/UdemyRoom_lighting2.UdemyRoom_lighting2:PersistentLevel.BoxBrush8.BrushComponent0) Component already registered.
[2017.05.29-23.14.39:786][288]LogActorComponent: ~FComponentReregisterContext: (/Game/Maps/UdemyRoom_lighting2.UdemyRoom_lighting2:PersistentLevel.BoxBrush3.BrushComponent0) Component already registered.
[2017.05.29-23.14.39:787][288]LogActorComponent: ~FComponentReregisterContext: (/Game/Maps/UdemyRoom_lighting2.UdemyRoom_lighting2:PersistentLevel.BoxBrush11.BrushComponent0) Component already registered.
[2017.05.29-23.14.41:992][463]Cmd: SELECT NONE
[2017.05.29-23.14.55:633][667]Cmd: OBJ SAVEPACKAGE PACKAGE="/Game/Maps/UdemyRoom_lighting2" FILE="E:/UE4 Projects/UE4Udemy/Content/Maps/UdemyRoom_lighting2.umap" SILENT=true AUTOSAVING=false KEEPDIRTY=false
[2017.05.29-23.14.56:155][667]LogSavePackage: Save=499.58ms
[2017.05.29-23.14.56:155][667]LogSavePackage: Moving 'E:/UE4 Projects/UE4Udemy/Saved/UdemyRoom_lighting2E56662E640DBD71790CBE28A1C2333AC.tmp' to 'E:/UE4 Projects/UE4Udemy/Content/Maps/UdemyRoom_lighting2.umap'
[2017.05.29-23.14.56:158][667]LogSavePackage:Display: Finished SavePackage E:/UE4 Projects/UE4Udemy/Content/Maps/UdemyRoom_lighting2.umap
[2017.05.29-23.14.56:179][667]LogFileHelpers: Saving map 'UdemyRoom_lighting2' took 0.622
[2017.05.29-23.14.56:181][667]Cmd: OBJ SAVEPACKAGE PACKAGE="/Game/Maps/UdemyRoom_lighting2_BuiltData" FILE="E:/UE4 Projects/UE4Udemy/Content/Maps/UdemyRoom_lighting2_BuiltData.uasset" SILENT=true
[2017.05.29-23.14.56:440][667]LogSavePackage: Save=246.61ms
[2017.05.29-23.14.56:440][667]LogSavePackage: Moving 'E:/UE4 Projects/UE4Udemy/Saved/UdemyRoom_lighting2_BuiltData2CE19557437848D1B48FD781DC74E8D9.tmp' to 'E:/UE4 Projects/UE4Udemy/Content/Maps/UdemyRoom_lighting2_BuiltData.uasset'
[2017.05.29-23.14.56:444][667]LogSavePackage:Display: Finished SavePackage E:/UE4 Projects/UE4Udemy/Content/Maps/UdemyRoom_lighting2_BuiltData.uasset
[2017.05.29-23.15.56:028][ 42]Cmd: CLOSE_SLATE_MAINFRAME
[2017.05.29-23.15.56:348][ 43]Cmd: QUIT_EDITOR
[2017.05.29-23.15.57:334][ 43]LogWindowsTextInputMethodSystem:Display: IME system now deactivated.
[2017.05.29-23.15.57:362][ 43]LogExit: Preparing to exit.
[2017.05.29-23.15.58:188][ 43]LogExit: Editor shut down
[2017.05.29-23.15.58:189][ 43]LogExit: Transaction tracking system shut down
[2017.05.29-23.15.58:251][ 43]LogObj: Freed 0b from 0 cluster array pools.
[2017.05.29-23.15.58:251][ 43]LogExit: Object subsystem successfully closed.
[2017.05.29-23.15.58:262][ 43]LogD3D11RHI: Shutdown
[2017.05.29-23.15.58:262][ 43]LogD3D11RHI: CleanupD3DDevice
[2017.05.29-23.15.58:356][ 43]LogD3D11RHI: ~FD3D11DynamicRHI
[2017.05.29-23.15.58:373][ 43]LogModuleManager: Shutting down and abandoning module HierarchicalLODUtilities (502)
[2017.05.29-23.15.58:373][ 43]LogModuleManager: Shutting down and abandoning module MovieSceneCapture (500)
[2017.05.29-23.15.58:373][ 43]LogModuleManager: Shutting down and abandoning module HierarchicalLODOutliner (498)
[2017.05.29-23.15.58:373][ 43]LogModuleManager: Shutting down and abandoning module CrashTracker (496)
[2017.05.29-23.15.58:373][ 43]LogModuleManager: Shutting down and abandoning module SceneOutliner (494)
[2017.05.29-23.15.58:373][ 43]LogModuleManager: Shutting down and abandoning module AddContentDialog (492)
[2017.05.29-23.15.58:373][ 43]LogDirectoryWatcher: A directory notification for 'C:/Program Files/Epic Games/UE_4.15/FeaturePacks/' was aborted.
[2017.05.29-23.15.58:375][ 43]LogModuleManager: Shutting down and abandoning module WidgetCarousel (491)
[2017.05.29-23.15.58:375][ 43]LogModuleManager: Shutting down and abandoning module EditorWidgets (488)
[2017.05.29-23.15.58:375][ 43]LogModuleManager: Shutting down and abandoning module CollectionManager (486)
[2017.05.29-23.15.58:375][ 43]LogDirectoryWatcher: A directory notification for 'E:/UE4 Projects/UE4Udemy/Content/Collections/' was aborted.
[2017.05.29-23.15.58:375][ 43]LogDirectoryWatcher: A directory notification for 'E:/UE4 Projects/UE4Udemy/Content/Developers/warp/Collections/' was aborted.
[2017.05.29-23.15.58:375][ 43]LogDirectoryWatcher: A directory notification for 'E:/UE4 Projects/UE4Udemy/Saved/Collections/' was aborted.
[2017.05.29-23.15.58:375][ 43]LogModuleManager: Shutting down and abandoning module StatsViewer (484)
[2017.05.29-23.15.58:375][ 43]LogModuleManager: Shutting down and abandoning module FoliageEdit (482)
[2017.05.29-23.15.58:375][ 43]LogModuleManager: Shutting down and abandoning module LandscapeEditor (480)
[2017.05.29-23.15.58:375][ 43]LogModuleManager: Shutting down and abandoning module SceneDepthPickerMode (478)
[2017.05.29-23.15.58:375][ 43]LogModuleManager: Shutting down and abandoning module ActorPickerMode (476)
[2017.05.29-23.15.58:375][ 43]LogModuleManager: Shutting down and abandoning module GeometryMode (474)
[2017.05.29-23.15.58:375][ 43]LogModuleManager: Shutting down and abandoning module TextureAlignMode (472)
[2017.05.29-23.15.58:375][ 43]LogModuleManager: Shutting down and abandoning module BspMode (470)
[2017.05.29-23.15.58:375][ 43]LogModuleManager: Shutting down and abandoning module HardwareSurvey (468)
[2017.05.29-23.15.58:375][ 43]LogModuleManager: Shutting down and abandoning module SequenceRecorderSections (466)
[2017.05.29-23.15.58:375][ 43]LogModuleManager: Shutting down and abandoning module AutomationWorker (464)
[2017.05.29-23.15.58:375][ 43]LogModuleManager: Shutting down and abandoning module MatineeToLevelSequence (462)
[2017.05.29-23.15.58:375][ 43]LogModuleManager: Shutting down and abandoning module LevelSequenceEditor (460)
[2017.05.29-23.15.58:375][ 43]LogModuleManager: Shutting down and abandoning module PlacementMode (459)
[2017.05.29-23.15.58:375][ 43]LogModuleManager: Shutting down and abandoning module WmfMediaFactory (456)
[2017.05.29-23.15.58:375][ 43]LogModuleManager: Shutting down and abandoning module WmfMediaEditor (454)
[2017.05.29-23.15.58:375][ 43]LogModuleManager: Shutting down and abandoning module MfMediaFactory (452)
[2017.05.29-23.15.58:375][ 43]LogModuleManager: Shutting down and abandoning module MfMediaEditor (450)
[2017.05.29-23.15.58:375][ 43]LogModuleManager: Shutting down and abandoning module AvfMediaFactory (448)
[2017.05.29-23.15.58:375][ 43]LogModuleManager: Shutting down and abandoning module AvfMediaEditor (446)
[2017.05.29-23.15.58:375][ 43]LogModuleManager: Shutting down and abandoning module AndroidMediaFactory (444)
[2017.05.29-23.15.58:375][ 43]LogModuleManager: Shutting down and abandoning module Media (443)
[2017.05.29-23.15.58:375][ 43]LogModuleManager: Shutting down and abandoning module AndroidMediaEditor (440)
[2017.05.29-23.15.58:375][ 43]LogModuleManager: Shutting down and abandoning module CharacterAI (438)
[2017.05.29-23.15.58:375][ 43]LogModuleManager: Shutting down and abandoning module AudioCapture (436)
[2017.05.29-23.15.58:375][ 43]LogModuleManager: Shutting down and abandoning module SequenceRecorder (435)
[2017.05.29-23.15.58:375][ 43]LogModuleManager: Shutting down and abandoning module SmartSnapping (432)
[2017.05.29-23.15.58:375][ 43]LogModuleManager: Shutting down and abandoning module SessionServices (430)
[2017.05.29-23.15.58:375][ 43]LogModuleManager: Shutting down and abandoning module ViewportSnapping (428)
[2017.05.29-23.15.58:375][ 43]LogModuleManager: Shutting down and abandoning module ViewportInteraction (426)
[2017.05.29-23.15.58:375][ 43]LogModuleManager: Shutting down and abandoning module LogVisualizer (424)
[2017.05.29-23.15.58:375][ 43]LogModuleManager: Shutting down and abandoning module IntroTutorials (422)
[2017.05.29-23.15.58:375][ 43]LogModuleManager: Shutting down and abandoning module GameProjectGeneration (421)
[2017.05.29-23.15.58:375][ 43]LogModuleManager: Shutting down and abandoning module EditorLiveStreaming (418)
[2017.05.29-23.15.58:375][ 43]LogModuleManager: Shutting down and abandoning module IOSPlatformEditor (416)
[2017.05.29-23.15.58:375][ 43]LogModuleManager: Shutting down and abandoning module HTML5PlatformEditor (414)
[2017.05.29-23.15.58:375][ 43]LogModuleManager: Shutting down and abandoning module AndroidPlatformEditor (412)
[2017.05.29-23.15.58:375][ 43]LogModuleManager: Shutting down and abandoning module AndroidDeviceDetection (411)
[2017.05.29-23.15.59:270][ 43]LogModuleManager: Shutting down and abandoning module IOSRuntimeSettings (408)
[2017.05.29-23.15.59:270][ 43]LogModuleManager: Shutting down and abandoning module AndroidRuntimeSettings (406)
[2017.05.29-23.15.59:270][ 43]LogModuleManager: Shutting down and abandoning module InputBindingEditor (404)
[2017.05.29-23.15.59:270][ 43]LogModuleManager: Shutting down and abandoning module NiagaraEditor (402)
[2017.05.29-23.15.59:270][ 43]LogModuleManager: Shutting down and abandoning module MergeActors (400)
[2017.05.29-23.15.59:270][ 43]LogModuleManager: Shutting down and abandoning module SizeMap (398)
[2017.05.29-23.15.59:270][ 43]LogModuleManager: Shutting down and abandoning module TreeMap (396)
[2017.05.29-23.15.59:270][ 43]LogModuleManager: Shutting down and abandoning module ReferenceViewer (394)
[2017.05.29-23.15.59:270][ 43]LogModuleManager: Shutting down and abandoning module LocalizationDashboard (392)
[2017.05.29-23.15.59:270][ 43]LogModuleManager: Shutting down and abandoning module LocalizationService (391)
[2017.05.29-23.15.59:270][ 43]LogModuleManager: Shutting down and abandoning module HardwareTargeting (388)
[2017.05.29-23.15.59:270][ 43]LogModuleManager: Shutting down and abandoning module DeviceProfileEditor (386)
[2017.05.29-23.15.59:270][ 43]LogModuleManager: Shutting down and abandoning module UndoHistory (384)
[2017.05.29-23.15.59:271][ 43]LogModuleManager: Shutting down and abandoning module UserFeedback (382)
[2017.05.29-23.15.59:271][ 43]LogModuleManager: Shutting down and abandoning module XmlParser (380)
[2017.05.29-23.15.59:271][ 43]LogModuleManager: Shutting down and abandoning module Blutility (378)
[2017.05.29-23.15.59:271][ 43]LogModuleManager: Shutting down and abandoning module ProjectSettingsViewer (376)
[2017.05.29-23.15.59:271][ 43]LogModuleManager: Shutting down and abandoning module ProjectTargetPlatformEditor (375)
[2017.05.29-23.15.59:271][ 43]LogModuleManager: Shutting down and abandoning module EditorSettingsViewer (372)
[2017.05.29-23.15.59:271][ 43]LogModuleManager: Shutting down and abandoning module SettingsEditor (370)
[2017.05.29-23.15.59:271][ 43]LogModuleManager: Shutting down and abandoning module ProjectLauncher (368)
[2017.05.29-23.15.59:271][ 43]LogModuleManager: Shutting down and abandoning module SessionFrontend (366)
[2017.05.29-23.15.59:271][ 43]LogModuleManager: Shutting down and abandoning module ProfilerClient (364)
[2017.05.29-23.15.59:271][ 43]LogModuleManager: Shutting down and abandoning module DeviceManager (362)
[2017.05.29-23.15.59:271][ 43]LogModuleManager: Shutting down and abandoning module TargetDeviceServices (361)
[2017.05.29-23.15.59:315][ 43]LogModuleManager: Shutting down and abandoning module AutomationController (358)
[2017.05.29-23.15.59:315][ 43]LogModuleManager: Shutting down and abandoning module AutomationWindow (356)
[2017.05.29-23.15.59:315][ 43]LogModuleManager: Shutting down and abandoning module Layers (354)
[2017.05.29-23.15.59:315][ 43]LogModuleManager: Shutting down and abandoning module ComponentVisualizers (352)
[2017.05.29-23.15.59:315][ 43]LogModuleManager: Shutting down and abandoning module DetailCustomizations (350)
[2017.05.29-23.15.59:315][ 43]LogModuleManager: Shutting down and abandoning module PackagesDialog (348)
[2017.05.29-23.15.59:315][ 43]LogModuleManager: Shutting down and abandoning module Persona (346)
[2017.05.29-23.15.59:315][ 43]LogModuleManager: Shutting down and abandoning module AnimGraph (345)
[2017.05.29-23.15.59:315][ 43]LogModuleManager: Shutting down and abandoning module Kismet (342)
[2017.05.29-23.15.59:315][ 43]LogModuleManager: Shutting down and abandoning module GraphEditor (340)
[2017.05.29-23.15.59:315][ 43]LogModuleManager: Shutting down and abandoning module ClassViewer (338)
[2017.05.29-23.15.59:315][ 43]LogModuleManager: Shutting down and abandoning module Toolbox (336)
[2017.05.29-23.15.59:315][ 43]LogModuleManager: Shutting down and abandoning module ModuleUI (334)
[2017.05.29-23.15.59:315][ 43]LogModuleManager: Shutting down and abandoning module MovieSceneTools (332)
[2017.05.29-23.15.59:315][ 43]LogModuleManager: Shutting down and abandoning module OutputLog (330)
[2017.05.29-23.15.59:315][ 43]LogModuleManager: Shutting down and abandoning module GammaUI (328)
[2017.05.29-23.15.59:315][ 43]LogModuleManager: Shutting down and abandoning module Documentation (326)
[2017.05.29-23.15.59:315][ 43]LogModuleManager: Shutting down and abandoning module Niagara (324)
[2017.05.29-23.15.59:315][ 43]LogModuleManager: Shutting down and abandoning module StreamingPauseRendering (322)
[2017.05.29-23.15.59:315][ 43]LogModuleManager: Shutting down and abandoning module AnalyticsET (320)
[2017.05.29-23.15.59:316][ 43]LogModuleManager: Shutting down and abandoning module PortalServices (318)
[2017.05.29-23.15.59:316][ 43]LogModuleManager: Shutting down and abandoning module PortalRpc (316)
[2017.05.29-23.15.59:316][ 43]LogModuleManager: Shutting down and abandoning module MessagingRpc (314)
[2017.05.29-23.15.59:316][ 43]LogModuleManager: Shutting down and abandoning module AIModule (312)
[2017.05.29-23.15.59:316][ 43]LogModuleManager: Shutting down and abandoning module GameplayDebugger (311)
[2017.05.29-23.15.59:316][ 43]LogModuleManager: Shutting down and abandoning module AITestSuite (309)
[2017.05.29-23.15.59:316][ 43]LogModuleManager: Shutting down and abandoning module ProfilerService (306)
[2017.05.29-23.15.59:362][ 43]LogModuleManager: Shutting down and abandoning module TaskGraph (304)
[2017.05.29-23.15.59:362][ 43]LogModuleManager: Shutting down and abandoning module SteamVRController (302)
[2017.05.29-23.15.59:362][ 43]LogModuleManager: Shutting down and abandoning module SteamVR (300)
[2017.05.29-23.15.59:362][ 43]LogModuleManager: Shutting down and abandoning module ProceduralMeshComponentEditor (298)
[2017.05.29-23.15.59:362][ 43]LogModuleManager: Shutting down and abandoning module ProceduralMeshComponent (296)
[2017.05.29-23.15.59:362][ 43]LogModuleManager: Shutting down and abandoning module OculusLibrary (294)
[2017.05.29-23.15.59:362][ 43]LogModuleManager: Shutting down and abandoning module OculusInput (292)
[2017.05.29-23.15.59:362][ 43]LogModuleManager: Shutting down and abandoning module MobilePatchingUtils (290)
[2017.05.29-23.15.59:362][ 43]LogModuleManager: Shutting down and abandoning module CustomMeshComponent (288)
[2017.05.29-23.15.59:362][ 43]LogModuleManager: Shutting down and abandoning module CableComponent (286)
[2017.05.29-23.15.59:362][ 43]LogModuleManager: Shutting down and abandoning module ArchVisCharacter (284)
[2017.05.29-23.15.59:362][ 43]LogModuleManager: Shutting down and abandoning module MediaPlayerEditor (280)
[2017.05.29-23.15.59:362][ 43]LogModuleManager: Shutting down and abandoning module HTML5Networking (278)
[2017.05.29-23.15.59:362][ 43]LogModuleManager: Shutting down and abandoning module AlembicImporter (276)
[2017.05.29-23.15.59:362][ 43]LogModuleManager: Shutting down and abandoning module AlembicLibrary (275)
[2017.05.29-23.15.59:362][ 43]LogModuleManager: Shutting down and abandoning module GeometryCache (274)
[2017.05.29-23.15.59:363][ 43]LogModuleManager: Shutting down and abandoning module GeometryCacheEd (273)
[2017.05.29-23.15.59:363][ 43]LogModuleManager: Shutting down and abandoning module SuperSearchEditor (268)
[2017.05.29-23.15.59:363][ 43]LogModuleManager: Shutting down and abandoning module SuperSearch (267)
[2017.05.29-23.15.59:363][ 43]LogModuleManager: Shutting down and abandoning module SpeedTreeImporter (264)
[2017.05.29-23.15.59:363][ 43]LogModuleManager: Shutting down and abandoning module PluginBrowser (262)
[2017.05.29-23.15.59:363][ 43]LogModuleManager: Shutting down and abandoning module MobileLauncherProfileWizard (260)
[2017.05.29-23.15.59:363][ 43]LogModuleManager: Shutting down and abandoning module EpicSurvey (258)
[2017.05.29-23.15.59:363][ 43]LogModuleManager: Shutting down and abandoning module VisualStudioSourceCodeAccess (256)
[2017.05.29-23.15.59:363][ 43]LogModuleManager: Shutting down and abandoning module DesktopPlatform (255)
[2017.05.29-23.15.59:363][ 43]LogModuleManager: Shutting down and abandoning module UObjectPlugin (252)
[2017.05.29-23.15.59:363][ 43]LogModuleManager: Shutting down and abandoning module SubversionSourceControl (250)
[2017.05.29-23.15.59:363][ 43]LogModuleManager: Shutting down and abandoning module PerforceSourceControl (248)
[2017.05.29-23.15.59:363][ 43]LogModuleManager: Shutting down and abandoning module GitSourceControl (246)
[2017.05.29-23.15.59:363][ 43]LogModuleManager: Shutting down and abandoning module SourceControl (245)
[2017.05.29-23.15.59:363][ 43]LogModuleManager: Shutting down and abandoning module LightPropagationVolumeEditor (242)
[2017.05.29-23.15.59:363][ 43]LogModuleManager: Shutting down and abandoning module PaperTiledImporter (240)
[2017.05.29-23.15.59:363][ 43]LogModuleManager: Shutting down and abandoning module PaperSpriteSheetImporter (238)
[2017.05.29-23.15.59:363][ 43]LogModuleManager: Shutting down and abandoning module Paper2DEditor (236)
[2017.05.29-23.15.59:363][ 43]LogModuleManager: Shutting down and abandoning module MeshPaint (235)
[2017.05.29-23.15.59:363][ 43]LogModuleManager: Shutting down and abandoning module LevelEditor (233)
[2017.05.29-23.15.59:363][ 43]LogModuleManager: Shutting down and abandoning module PixelInspectorModule (232)
[2017.05.29-23.15.59:363][ 43]LogModuleManager: Shutting down and abandoning module MainFrame (230)
[2017.05.29-23.15.59:363][ 43]LogModuleManager: Shutting down and abandoning module HotReload (229)
[2017.05.29-23.15.59:364][ 43]LogModuleManager: Shutting down and abandoning module ContentBrowser (225)
[2017.05.29-23.15.59:365][ 43]LogModuleManager: Shutting down and abandoning module PhysXVehiclesEditor (222)
[2017.05.29-23.15.59:365][ 43]LogModuleManager: Shutting down and abandoning module PhysXVehicles (220)
[2017.05.29-23.15.59:365][ 43]LogModuleManager: Shutting down and abandoning module LocationServicesBPLibrary (218)
[2017.05.29-23.15.59:365][ 43]LogModuleManager: Shutting down and abandoning module UdpMessaging (216)
[2017.05.29-23.15.59:466][ 43]LogModuleManager: Shutting down and abandoning module TcpMessaging (214)
[2017.05.29-23.15.59:567][ 43]LogModuleManager: Shutting down and abandoning module GameplayTagsEditor (212)
[2017.05.29-23.15.59:567][ 43]LogModuleManager: Shutting down and abandoning module FacialAnimationEditor (210)
[2017.05.29-23.15.59:567][ 43]LogModuleManager: Shutting down and abandoning module FacialAnimation (208)
[2017.05.29-23.15.59:567][ 43]LogModuleManager: Shutting down and abandoning module LightPropagationVolumeRuntime (206)
[2017.05.29-23.15.59:567][ 43]LogModuleManager: Shutting down and abandoning module Paper2D (204)
[2017.05.29-23.15.59:567][ 43]LogModuleManager: Shutting down and abandoning module WindowsMoviePlayer (202)
[2017.05.29-23.15.59:567][ 43]LogModuleManager: Shutting down and abandoning module WmfMedia (200)
[2017.05.29-23.15.59:567][ 43]LogModuleManager: Shutting down and abandoning module MfMedia (198)
[2017.05.29-23.15.59:567][ 43]LogModuleManager: Shutting down and abandoning module MediaAssets (196)
[2017.05.29-23.15.59:567][ 43]LogModuleManager: Shutting down and abandoning module GameLiveStreaming (194)
[2017.05.29-23.15.59:567][ 43]LogModuleManager: Shutting down and abandoning module VREditor (192)
[2017.05.29-23.15.59:567][ 43]LogModuleManager: Shutting down and abandoning module GameplayTasksEditor (190)
[2017.05.29-23.15.59:567][ 43]LogModuleManager: Shutting down and abandoning module BehaviorTreeEditor (188)
[2017.05.29-23.15.59:567][ 43]LogModuleManager: Shutting down and abandoning module FunctionalTesting (186)
[2017.05.29-23.15.59:567][ 43]LogModuleManager: Shutting down and abandoning module CollisionAnalyzer (184)
[2017.05.29-23.15.59:567][ 43]LogModuleManager: Shutting down and abandoning module UMG (182)
[2017.05.29-23.15.59:567][ 43]LogModuleManager: Shutting down and abandoning module UMGEditor (181)
[2017.05.29-23.15.59:567][ 43]LogModuleManager: Shutting down and abandoning module Sequencer (180)
[2017.05.29-23.15.59:567][ 43]LogModuleManager: Shutting down and abandoning module AssetTools (178)
[2017.05.29-23.15.59:567][ 43]LogModuleManager: Shutting down and abandoning module MessageLog (177)
[2017.05.29-23.15.59:567][ 43]LogModuleManager: Shutting down and abandoning module WorkspaceMenuStructure (176)
[2017.05.29-23.15.59:567][ 43]LogModuleManager: Shutting down and abandoning module SlateReflector (170)
[2017.05.29-23.15.59:567][ 43]LogModuleManager: Shutting down and abandoning module Slate (168)
[2017.05.29-23.15.59:567][ 43]LogModuleManager: Shutting down and abandoning module EditorStyle (166)
[2017.05.29-23.15.59:570][ 43]LogModuleManager: Shutting down and abandoning module SourceCodeAccess (164)
[2017.05.29-23.15.59:570][ 43]LogModuleManager: Shutting down and abandoning module HeadMountedDisplay (162)
[2017.05.29-23.15.59:570][ 43]LogModuleManager: Shutting down and abandoning module XAudio2 (160)
[2017.05.29-23.15.59:570][ 43]LogModuleManager: Shutting down and abandoning module Networking (158)
[2017.05.29-23.15.59:570][ 43]LogModuleManager: Shutting down and abandoning module Core (154)
[2017.05.29-23.15.59:570][ 43]LogModuleManager: Shutting down and abandoning module AssetRegistry (152)
[2017.05.29-23.15.59:752][ 43]LogDirectoryWatcher: A directory notification for '../../../Engine/Content/' was aborted.
[2017.05.29-23.15.59:752][ 43]LogDirectoryWatcher: A directory notification for 'E:/UE4 Projects/UE4Udemy/Content/' was aborted.
[2017.05.29-23.15.59:752][ 43]LogDirectoryWatcher: A directory notification for '../../../Engine/Plugins/2D/Paper2D/Content/' was aborted.
[2017.05.29-23.15.59:752][ 43]LogModuleManager: Shutting down and abandoning module DirectoryWatcher (151)
[2017.05.29-23.15.59:753][ 43]LogModuleManager: Shutting down and abandoning module KismetCompiler (148)
[2017.05.29-23.15.59:753][ 43]LogModuleManager: Shutting down and abandoning module PhysXFormats (146)
[2017.05.29-23.15.59:753][ 43]LogModuleManager: Shutting down and abandoning module MeshUtilities (144)
[2017.05.29-23.15.59:753][ 43]LogModuleManager: Shutting down and abandoning module SimplygonSwarm (143)
[2017.05.29-23.15.59:753][ 43]LogModuleManager: Shutting down and abandoning module SimplygonMeshReduction (141)
[2017.05.29-23.15.59:753][ 43]LogModuleManager: Shutting down and abandoning module QuadricMeshReduction (139)
[2017.05.29-23.15.59:753][ 43]LogModuleManager: Shutting down and abandoning module PropertyEditor (137)
[2017.05.29-23.15.59:753][ 43]LogModuleManager: Shutting down and abandoning module DerivedDataCache (134)
[2017.05.29-23.15.59:826][ 43]LogDerivedDataCache: Shutdown
[2017.05.29-23.15.59:826][ 43]LogModuleManager: Shutting down and abandoning module TargetPlatform (132)
[2017.05.29-23.15.59:826][ 43]LogModuleManager: Shutting down and abandoning module VulkanShaderFormat (131)
[2017.05.29-23.15.59:826][ 43]LogModuleManager: Shutting down and abandoning module ShaderFormatOpenGL (129)
[2017.05.29-23.15.59:826][ 43]LogModuleManager: Shutting down and abandoning module ShaderFormatD3D (127)
[2017.05.29-23.15.59:826][ 43]LogModuleManager: Shutting down and abandoning module MetalShaderFormat (125)
[2017.05.29-23.15.59:826][ 43]LogModuleManager: Shutting down and abandoning module TextureFormatUncompressed (123)
[2017.05.29-23.15.59:826][ 43]LogModuleManager: Shutting down and abandoning module TextureFormatPVR (121)
[2017.05.29-23.15.59:826][ 43]LogModuleManager: Shutting down and abandoning module TextureFormatDXT (119)
[2017.05.29-23.15.59:826][ 43]LogModuleManager: Shutting down and abandoning module TextureFormatIntelISPCTexComp (117)
[2017.05.29-23.15.59:826][ 43]LogModuleManager: Shutting down and abandoning module TextureFormatASTC (115)
[2017.05.29-23.15.59:826][ 43]LogModuleManager: Shutting down and abandoning module ImageWrapper (114)
[2017.05.29-23.15.59:826][ 43]LogModuleManager: Shutting down and abandoning module TextureFormatAndroid (111)
[2017.05.29-23.15.59:826][ 43]LogModuleManager: Shutting down and abandoning module AudioFormatOpus (109)
[2017.05.29-23.15.59:826][ 43]LogModuleManager: Shutting down and abandoning module AudioFormatOgg (107)
[2017.05.29-23.15.59:827][ 43]LogModuleManager: Shutting down and abandoning module AudioFormatADPCM (105)
[2017.05.29-23.15.59:827][ 43]LogModuleManager: Shutting down and abandoning module LinuxTargetPlatform (103)
[2017.05.29-23.15.59:827][ 43]LogModuleManager: Shutting down and abandoning module LinuxServerTargetPlatform (101)
[2017.05.29-23.15.59:827][ 43]LogModuleManager: Shutting down and abandoning module LinuxNoEditorTargetPlatform (99)
[2017.05.29-23.15.59:827][ 43]LogModuleManager: Shutting down and abandoning module LinuxClientTargetPlatform (97)
[2017.05.29-23.15.59:827][ 43]LogModuleManager: Shutting down and abandoning module TVOSTargetPlatform (95)
[2017.05.29-23.15.59:827][ 43]LogModuleManager: Shutting down and abandoning module Messaging (93)
[2017.05.29-23.15.59:827][ 43]LogModuleManager: Shutting down and abandoning module IOSTargetPlatform (91)
[2017.05.29-23.15.59:827][ 43]LogModuleManager: Shutting down and abandoning module HTML5TargetPlatform (89)
[2017.05.29-23.15.59:827][ 43]LogModuleManager: Shutting down and abandoning module Android_PVRTCTargetPlatform (87)
[2017.05.29-23.15.59:827][ 43]LogModuleManager: Shutting down and abandoning module Android_MultiTargetPlatform (85)
[2017.05.29-23.15.59:827][ 43]LogModuleManager: Shutting down and abandoning module Android_ETC2TargetPlatform (83)
[2017.05.29-23.15.59:827][ 43]LogModuleManager: Shutting down and abandoning module Android_ETC1TargetPlatform (81)
[2017.05.29-23.15.59:827][ 43]LogModuleManager: Shutting down and abandoning module Android_DXTTargetPlatform (79)
[2017.05.29-23.15.59:827][ 43]LogModuleManager: Shutting down and abandoning module Android_ATCTargetPlatform (77)
[2017.05.29-23.15.59:827][ 43]LogModuleManager: Shutting down and abandoning module Android_ASTCTargetPlatform (75)
[2017.05.29-23.15.59:827][ 43]LogModuleManager: Shutting down and abandoning module AndroidTargetPlatform (73)
[2017.05.29-23.15.59:827][ 43]LogModuleManager: Shutting down and abandoning module WindowsTargetPlatform (71)
[2017.05.29-23.15.59:827][ 43]LogModuleManager: Shutting down and abandoning module WindowsServerTargetPlatform (69)
[2017.05.29-23.15.59:827][ 43]LogModuleManager: Shutting down and abandoning module WindowsNoEditorTargetPlatform (67)
[2017.05.29-23.15.59:827][ 43]LogModuleManager: Shutting down and abandoning module WindowsClientTargetPlatform (65)
[2017.05.29-23.15.59:827][ 43]LogModuleManager: Shutting down and abandoning module MacTargetPlatform (63)
[2017.05.29-23.15.59:827][ 43]LogModuleManager: Shutting down and abandoning module MacServerTargetPlatform (61)
[2017.05.29-23.15.59:827][ 43]LogModuleManager: Shutting down and abandoning module MacNoEditorTargetPlatform (59)
[2017.05.29-23.15.59:827][ 43]LogModuleManager: Shutting down and abandoning module MacClientTargetPlatform (57)
[2017.05.29-23.15.59:827][ 43]LogModuleManager: Shutting down and abandoning module AllDesktopTargetPlatform (55)
[2017.05.29-23.15.59:827][ 43]LogModuleManager: Shutting down and abandoning module InputCore (52)
[2017.05.29-23.15.59:827][ 43]LogModuleManager: Shutting down and abandoning module Settings (50)
[2017.05.29-23.15.59:827][ 43]LogModuleManager: Shutting down and abandoning module OculusRift (48)
[2017.05.29-23.15.59:827][ 43]LogModuleManager: Shutting down and abandoning module GearVR (46)
[2017.05.29-23.15.59:827][ 43]LogModuleManager: Shutting down and abandoning module ExampleDeviceProfileSelector (44)
[2017.05.29-23.15.59:827][ 43]LogModuleManager: Shutting down and abandoning module OnlineBlueprintSupport (42)
[2017.05.29-23.15.59:827][ 43]LogModuleManager: Shutting down and abandoning module OnlineSubsystem (38)
[2017.05.29-23.15.59:827][ 43]LogOnline:Display: Unloading online subsystem: NULL
[2017.05.29-23.15.59:827][ 43]LogModuleManager: Shutting down and abandoning module XMPP (37)
[2017.05.29-23.15.59:827][ 43]LogModuleManager: Shutting down and abandoning module HTTP (35)
[2017.05.29-23.15.59:827][ 43]LogHttp:Display: Http module shutting down, but needs to wait on 1 outstanding Http requests:
[2017.05.29-23.15.59:827][ 43]LogHttp:Display: 	verb=[POST] url=[https://datarouter.ol.epicgames.com/datarouter/api/v1/public/data?SessionID=%7BD63CE228-428B-643D-834F-5FA988B37A1F%7D&AppID=UEEditor.Rocket.Release&AppVersion=4.15.3-3450819%2B%2B%2BUE4%2BRelease-4.15&UserID=a0adb373419428ec765ff6b3cc77e184%7C28ff6afe9b1940c89c34bc6e77dd1996%7C7442404b-e83b-4fd1-8670-0ffc61dc71e8&AppEnvironment=datacollector-binary&UploadType=eteventstream] status=Processing
[2017.05.29-23.15.59:842][ 43]LogModuleManager: Shutting down and abandoning module SSL (34)
[2017.05.29-23.15.59:843][ 43]LogModuleManager: Shutting down and abandoning module AudioEditor (30)
[2017.05.29-23.15.59:843][ 43]LogModuleManager: Shutting down and abandoning module TextureCompressor (28)
[2017.05.29-23.15.59:843][ 43]LogModuleManager: Shutting down and abandoning module ShaderCore (26)
[2017.05.29-23.15.59:843][ 43]LogModuleManager: Shutting down and abandoning module Landscape (24)
[2017.05.29-23.15.59:843][ 43]LogModuleManager: Shutting down and abandoning module SlateRHIRenderer (22)
[2017.05.29-23.15.59:845][ 43]LogModuleManager: Shutting down and abandoning module OpenGLDrv (20)
[2017.05.29-23.15.59:845][ 43]LogModuleManager: Shutting down and abandoning module D3D11RHI (18)
[2017.05.29-23.15.59:845][ 43]LogModuleManager: Shutting down and abandoning module AnimGraphRuntime (16)
[2017.05.29-23.15.59:845][ 43]LogModuleManager: Shutting down and abandoning module Renderer (14)
[2017.05.29-23.15.59:845][ 43]LogModuleManager: Shutting down and abandoning module Engine (12)
[2017.05.29-23.15.59:845][ 43]LogModuleManager: Shutting down and abandoning module CoreUObject (10)
[2017.05.29-23.15.59:845][ 43]LogModuleManager: Shutting down and abandoning module NetworkFile (8)
[2017.05.29-23.15.59:845][ 43]LogModuleManager: Shutting down and abandoning module StreamingFile (6)
[2017.05.29-23.15.59:845][ 43]LogModuleManager: Shutting down and abandoning module SandboxFile (4)
[2017.05.29-23.15.59:845][ 43]LogModuleManager: Shutting down and abandoning module PakFile (2)
[2017.05.29-23.15.59:847][ 43]LogExit: Exiting.
[2017.05.29-23.15.59:858][ 43]Log file closed, 05/30/17 01:15:59
